2026-05-23T15:41:43.430+05:00  INFO 6536 --- [MainApplication] [main] com.example.Library.LibraryManagement    : Starting LibraryManagement using Java 21.0.8 with PID 6536 (C:\IntellijProjects\Library management\build\classes\java\main started by Doni in C:\IntellijProjects\Library management)
2026-05-23T15:41:43.436+05:00  INFO 6536 --- [MainApplication] [main] com.example.Library.LibraryManagement    : No active profile set, falling back to 1 default profile: "default"
2026-05-23T15:41:46.798+05:00  INFO 6536 --- [MainApplication] [main] .s.d.r.c.RepositoryConfigurationDelegate : Multiple Spring Data modules found, entering strict repository configuration mode
2026-05-23T15:41:46.803+05:00  INFO 6536 --- [MainApplication] [main] .s.d.r.c.RepositoryConfigurationDelegate : Bootstrapping Spring Data JDBC repositories in DEFAULT mode.
2026-05-23T15:41:46.905+05:00  INFO 6536 --- [MainApplication] [main] .RepositoryConfigurationExtensionSupport : Spring Data JDBC - Could not safely identify store assignment for repository candidate interface com.example.Library.domain.repository.BookRepository; If you want this repository to be a JDBC repository, consider annotating your entities with one of these annotations: org.springframework.data.relational.core.mapping.Table.
2026-05-23T15:41:46.908+05:00  INFO 6536 --- [MainApplication] [main] .RepositoryConfigurationExtensionSupport : Spring Data JDBC - Could not safely identify store assignment for repository candidate interface com.example.Library.domain.repository.BorrowRepository; If you want this repository to be a JDBC repository, consider annotating your entities with one of these annotations: org.springframework.data.relational.core.mapping.Table.
2026-05-23T15:41:46.911+05:00  INFO 6536 --- [MainApplication] [main] .RepositoryConfigurationExtensionSupport : Spring Data JDBC - Could not safely identify store assignment for repository candidate interface com.example.Library.domain.repository.UserRepository; If you want this repository to be a JDBC repository, consider annotating your entities with one of these annotations: org.springframework.data.relational.core.mapping.Table.
2026-05-23T15:41:46.913+05:00  INFO 6536 --- [MainApplication] [main] .s.d.r.c.RepositoryConfigurationDelegate : Finished Spring Data repository scanning in 85 ms. Found 0 JDBC repository interfaces.
2026-05-23T15:41:46.941+05:00  INFO 6536 --- [MainApplication] [main] .s.d.r.c.RepositoryConfigurationDelegate : Multiple Spring Data modules found, entering strict repository configuration mode
2026-05-23T15:41:46.943+05:00  INFO 6536 --- [MainApplication] [main] .s.d.r.c.RepositoryConfigurationDelegate : Bootstrapping Spring Data JPA repositories in DEFAULT mode.
2026-05-23T15:41:47.038+05:00  INFO 6536 --- [MainApplication] [main] .s.d.r.c.RepositoryConfigurationDelegate : Finished Spring Data repository scanning in 80 ms. Found 3 JPA repository interfaces.
2026-05-23T15:41:50.358+05:00  INFO 6536 --- [MainApplication] [main] o.s.b.w.embedded.tomcat.TomcatWebServer  : Tomcat initialized with port 8081 (http)
2026-05-23T15:41:50.512+05:00  INFO 6536 --- [MainApplication] [main] o.apache.catalina.core.StandardService   : Starting service [Tomcat]
2026-05-23T15:41:50.514+05:00  INFO 6536 --- [MainApplication] [main] o.apache.catalina.core.StandardEngine    : Starting Servlet engine: [Apache Tomcat/10.1.50]
2026-05-23T15:41:50.917+05:00  INFO 6536 --- [MainApplication] [main] o.a.c.c.C.[Tomcat].[localhost].[/]       : Initializing Spring embedded WebApplicationContext
2026-05-23T15:41:50.920+05:00  INFO 6536 --- [MainApplication] [main] w.s.c.ServletWebServerApplicationContext : Root WebApplicationContext: initialization completed in 7324 ms
2026-05-23T15:41:51.644+05:00  INFO 6536 --- [MainApplication] [main] o.hibernate.jpa.internal.util.LogHelper  : HHH000204: Processing PersistenceUnitInfo [name: default]
2026-05-23T15:41:51.837+05:00  INFO 6536 --- [MainApplication] [main] org.hibernate.Version                    : HHH000412: Hibernate ORM core version 6.6.41.Final
2026-05-23T15:41:51.932+05:00  INFO 6536 --- [MainApplication] [main] o.h.c.internal.RegionFactoryInitiator    : HHH000026: Second-level cache disabled
2026-05-23T15:41:52.585+05:00  INFO 6536 --- [MainApplication] [main] o.s.o.j.p.SpringPersistenceUnitInfo      : No LoadTimeWeaver setup: ignoring JPA class transformer
2026-05-23T15:41:52.633+05:00  INFO 6536 --- [MainApplication] [main] com.zaxxer.hikari.HikariDataSource       : HikariPool-1 - Starting...
2026-05-23T15:41:53.110+05:00  INFO 6536 --- [MainApplication] [main] com.zaxxer.hikari.pool.HikariPool        : HikariPool-1 - Added connection org.postgresql.jdbc.PgConnection@64c95480
2026-05-23T15:41:53.111+05:00  INFO 6536 --- [MainApplication] [main] com.zaxxer.hikari.HikariDataSource       : HikariPool-1 - Start completed.
2026-05-23T15:41:53.303+05:00  INFO 6536 --- [MainApplication] [main] org.hibernate.orm.connections.pooling    : HHH10001005: Database info:
	Database JDBC URL [Connecting through datasource 'HikariDataSource (HikariPool-1)']
	Database driver: undefined/unknown
	Database version: 17.2
	Autocommit mode: undefined/unknown
	Isolation level: undefined/unknown
	Minimum pool size: undefined/unknown
	Maximum pool size: undefined/unknown
2026-05-23T15:41:55.194+05:00  INFO 6536 --- [MainApplication] [main] o.h.e.t.j.p.i.JtaPlatformInitiator       : HHH000489: No JTA platform available (set 'hibernate.transaction.jta.platform' to enable JTA platform integration)
2026-05-23T15:41:55.608+05:00  WARN 6536 --- [MainApplication] [main] o.h.engine.jdbc.spi.SqlExceptionHelper   : SQL Warning Code: 0, SQLState: 00000
2026-05-23T15:41:55.609+05:00  WARN 6536 --- [MainApplication] [main] o.h.engine.jdbc.spi.SqlExceptionHelper   : ограничение "ukr43af9ap4edm43mmtq01oddj6" в таблице "users" не существует, пропускается
2026-05-23T15:41:55.876+05:00  INFO 6536 --- [MainApplication] [main] j.LocalContainerEntityManagerFactoryBean : Initialized JPA EntityManagerFactory for persistence unit 'default'
2026-05-23T15:41:56.931+05:00  WARN 6536 --- [MainApplication] [main] JpaBaseConfiguration$JpaWebConfiguration : spring.jpa.open-in-view is enabled by default. Therefore, database queries may be performed during view rendering. Explicitly configure spring.jpa.open-in-view to disable this warning
2026-05-23T15:41:57.000+05:00  WARN 6536 --- [MainApplication] [main] .s.s.UserDetailsServiceAutoConfiguration : 

Using generated security password: b2071e4e-1205-4aa0-b147-01723a560e62

This generated password is for development use only. Your security configuration must be updated before running your application in production.

2026-05-23T15:41:57.021+05:00  INFO 6536 --- [MainApplication] [main] r$InitializeUserDetailsManagerConfigurer : Global AuthenticationManager configured with UserDetailsService bean with name inMemoryUserDetailsManager
2026-05-23T15:41:57.617+05:00 DEBUG 6536 --- [MainApplication] [main] o.s.s.web.DefaultSecurityFilterChain     : Will secure any request with filters: DisableEncodeUrlFilter, WebAsyncManagerIntegrationFilter, SecurityContextHolderFilter, HeaderWriterFilter, LogoutFilter, RequestCacheAwareFilter, SecurityContextHolderAwareRequestFilter, AnonymousAuthenticationFilter, ExceptionTranslationFilter, AuthorizationFilter
2026-05-23T15:41:58.575+05:00  INFO 6536 --- [MainApplication] [main] o.s.b.w.embedded.tomcat.TomcatWebServer  : Tomcat started on port 8081 (http) with context path '/'
2026-05-23T15:41:58.590+05:00  INFO 6536 --- [MainApplication] [main] com.example.Library.LibraryManagement    : Started LibraryManagement in 16.541 seconds (process running for 18.108)
2026-05-23T15:49:30.530+05:00  INFO 6536 --- [MainApplication] [tomcat-handler-1] o.a.c.c.C.[Tomcat].[localhost].[/]       : Initializing Spring DispatcherServlet 'dispatcherServlet'
2026-05-23T15:49:30.531+05:00  INFO 6536 --- [MainApplication] [tomcat-handler-1] o.s.web.servlet.DispatcherServlet        : Initializing Servlet 'dispatcherServlet'
2026-05-23T15:49:30.537+05:00  INFO 6536 --- [MainApplication] [tomcat-handler-1] o.s.web.servlet.DispatcherServlet        : Completed initialization in 4 ms
2026-05-23T15:49:30.613+05:00 DEBUG 6536 --- [MainApplication] [tomcat-handler-1] o.s.security.web.FilterChainProxy        : Securing DELETE /api/authregister
2026-05-23T15:49:30.657+05:00 DEBUG 6536 --- [MainApplication] [tomcat-handler-1] o.s.s.w.a.AnonymousAuthenticationFilter  : Set SecurityContextHolder to anonymous SecurityContext
2026-05-23T15:49:30.766+05:00 DEBUG 6536 --- [MainApplication] [tomcat-handler-1] o.s.s.w.s.HttpSessionRequestCache        : Saved request http://localhost:8081/api/authregister?continue to session
2026-05-23T15:49:30.767+05:00 DEBUG 6536 --- [MainApplication] [tomcat-handler-1] o.s.s.w.a.Http403ForbiddenEntryPoint     : Pre-authenticated entry point called. Rejecting access
2026-05-23T15:49:30.848+05:00 DEBUG 6536 --- [MainApplication] [tomcat-handler-1] o.s.security.web.FilterChainProxy        : Securing DELETE /error
2026-05-23T15:49:30.850+05:00 DEBUG 6536 --- [MainApplication] [tomcat-handler-1] o.s.s.w.a.AnonymousAuthenticationFilter  : Set SecurityContextHolder to anonymous SecurityContext
2026-05-23T15:49:30.854+05:00 DEBUG 6536 --- [MainApplication] [tomcat-handler-1] o.s.s.w.s.HttpSessionRequestCache        : Saved request http://localhost:8081/error?continue to session
2026-05-23T15:49:30.855+05:00 DEBUG 6536 --- [MainApplication] [tomcat-handler-1] o.s.s.w.a.Http403ForbiddenEntryPoint     : Pre-authenticated entry point called. Rejecting access
2026-05-23T15:49:52.794+05:00 DEBUG 6536 --- [MainApplication] [tomcat-handler-2] o.s.security.web.FilterChainProxy        : Securing POST /api/authregister
2026-05-23T15:49:52.795+05:00 DEBUG 6536 --- [MainApplication] [tomcat-handler-2] o.s.s.w.a.AnonymousAuthenticationFilter  : Set SecurityContextHolder to anonymous SecurityContext
2026-05-23T15:49:52.800+05:00 DEBUG 6536 --- [MainApplication] [tomcat-handler-2] o.s.s.w.s.HttpSessionRequestCache        : Saved request http://localhost:8081/api/authregister?continue to session
2026-05-23T15:49:52.801+05:00 DEBUG 6536 --- [MainApplication] [tomcat-handler-2] o.s.s.w.a.Http403ForbiddenEntryPoint     : Pre-authenticated entry point called. Rejecting access
2026-05-23T15:49:52.805+05:00 DEBUG 6536 --- [MainApplication] [tomcat-handler-2] o.s.security.web.FilterChainProxy        : Securing POST /error
2026-05-23T15:49:52.806+05:00 DEBUG 6536 --- [MainApplication] [tomcat-handler-2] o.s.s.w.a.AnonymousAuthenticationFilter  : Set SecurityContextHolder to anonymous SecurityContext
2026-05-23T15:49:52.810+05:00 DEBUG 6536 --- [MainApplication] [tomcat-handler-2] o.s.s.w.s.HttpSessionRequestCache        : Saved request http://localhost:8081/error?continue to session
2026-05-23T15:49:52.810+05:00 DEBUG 6536 --- [MainApplication] [tomcat-handler-2] o.s.s.w.a.Http403ForbiddenEntryPoint     : Pre-authenticated entry point called. Rejecting access
2026-05-23T15:50:31.628+05:00 DEBUG 6536 --- [MainApplication] [tomcat-handler-3] o.s.security.web.FilterChainProxy        : Securing POST /api/authregister
2026-05-23T15:50:31.630+05:00 DEBUG 6536 --- [MainApplication] [tomcat-handler-3] o.s.s.w.a.AnonymousAuthenticationFilter  : Set SecurityContextHolder to anonymous SecurityContext
2026-05-23T15:50:31.632+05:00 DEBUG 6536 --- [MainApplication] [tomcat-handler-3] o.s.s.w.s.HttpSessionRequestCache        : Saved request http://localhost:8081/api/authregister?continue to session
2026-05-23T15:50:31.633+05:00 DEBUG 6536 --- [MainApplication] [tomcat-handler-3] o.s.s.w.a.Http403ForbiddenEntryPoint     : Pre-authenticated entry point called. Rejecting access
2026-05-23T15:50:31.636+05:00 DEBUG 6536 --- [MainApplication] [tomcat-handler-3] o.s.security.web.FilterChainProxy        : Securing POST /error
2026-05-23T15:50:31.639+05:00 DEBUG 6536 --- [MainApplication] [tomcat-handler-3] o.s.s.w.a.AnonymousAuthenticationFilter  : Set SecurityContextHolder to anonymous SecurityContext
2026-05-23T15:50:31.641+05:00 DEBUG 6536 --- [MainApplication] [tomcat-handler-3] o.s.s.w.s.HttpSessionRequestCache        : Saved request http://localhost:8081/error?continue to session
2026-05-23T15:50:31.643+05:00 DEBUG 6536 --- [MainApplication] [tomcat-handler-3] o.s.s.w.a.Http403ForbiddenEntryPoint     : Pre-authenticated entry point called. Rejecting access
2026-05-23T15:54:19.366+05:00 DEBUG 6536 --- [MainApplication] [tomcat-handler-6] o.s.security.web.FilterChainProxy        : Securing POST /api/auth/register
2026-05-23T15:54:19.368+05:00 DEBUG 6536 --- [MainApplication] [tomcat-handler-6] o.s.security.web.FilterChainProxy        : Secured POST /api/auth/register
2026-05-23T15:54:20.209+05:00 DEBUG 6536 --- [MainApplication] [tomcat-handler-6] o.s.s.w.a.AnonymousAuthenticationFilter  : Set SecurityContextHolder to anonymous SecurityContext
2026-05-23T15:54:49.121+05:00 DEBUG 6536 --- [MainApplication] [tomcat-handler-7] o.s.security.web.FilterChainProxy        : Securing POST /api/auth/login
2026-05-23T15:54:49.123+05:00 DEBUG 6536 --- [MainApplication] [tomcat-handler-7] o.s.security.web.FilterChainProxy        : Secured POST /api/auth/login
2026-05-23T15:54:50.006+05:00 DEBUG 6536 --- [MainApplication] [tomcat-handler-7] o.s.s.w.a.AnonymousAuthenticationFilter  : Set SecurityContextHolder to anonymous SecurityContext
2026-05-23T15:55:37.530+05:00  INFO 6116 --- [MainApplication] [main] com.example.Library.LibraryManagement    : Starting LibraryManagement using Java 21.0.8 with PID 6116 (C:\IntellijProjects\Library management\build\classes\java\main started by Doni in C:\IntellijProjects\Library management)
2026-05-23T15:55:37.534+05:00  INFO 6116 --- [MainApplication] [main] com.example.Library.LibraryManagement    : No active profile set, falling back to 1 default profile: "default"
2026-05-23T15:55:40.256+05:00  INFO 6116 --- [MainApplication] [main] .s.d.r.c.RepositoryConfigurationDelegate : Multiple Spring Data modules found, entering strict repository configuration mode
2026-05-23T15:55:40.262+05:00  INFO 6116 --- [MainApplication] [main] .s.d.r.c.RepositoryConfigurationDelegate : Bootstrapping Spring Data JDBC repositories in DEFAULT mode.
2026-05-23T15:55:40.419+05:00  INFO 6116 --- [MainApplication] [main] .RepositoryConfigurationExtensionSupport : Spring Data JDBC - Could not safely identify store assignment for repository candidate interface com.example.Library.domain.repository.BookRepository; If you want this repository to be a JDBC repository, consider annotating your entities with one of these annotations: org.springframework.data.relational.core.mapping.Table.
2026-05-23T15:55:40.424+05:00  INFO 6116 --- [MainApplication] [main] .RepositoryConfigurationExtensionSupport : Spring Data JDBC - Could not safely identify store assignment for repository candidate interface com.example.Library.domain.repository.BorrowRepository; If you want this repository to be a JDBC repository, consider annotating your entities with one of these annotations: org.springframework.data.relational.core.mapping.Table.
2026-05-23T15:55:40.428+05:00  INFO 6116 --- [MainApplication] [main] .RepositoryConfigurationExtensionSupport : Spring Data JDBC - Could not safely identify store assignment for repository candidate interface com.example.Library.domain.repository.UserRepository; If you want this repository to be a JDBC repository, consider annotating your entities with one of these annotations: org.springframework.data.relational.core.mapping.Table.
2026-05-23T15:55:40.430+05:00  INFO 6116 --- [MainApplication] [main] .s.d.r.c.RepositoryConfigurationDelegate : Finished Spring Data repository scanning in 145 ms. Found 0 JDBC repository interfaces.
2026-05-23T15:55:40.465+05:00  INFO 6116 --- [MainApplication] [main] .s.d.r.c.RepositoryConfigurationDelegate : Multiple Spring Data modules found, entering strict repository configuration mode
2026-05-23T15:55:40.468+05:00  INFO 6116 --- [MainApplication] [main] .s.d.r.c.RepositoryConfigurationDelegate : Bootstrapping Spring Data JPA repositories in DEFAULT mode.
2026-05-23T15:55:40.631+05:00  INFO 6116 --- [MainApplication] [main] .s.d.r.c.RepositoryConfigurationDelegate : Finished Spring Data repository scanning in 145 ms. Found 3 JPA repository interfaces.
2026-05-23T15:55:43.241+05:00  INFO 6116 --- [MainApplication] [main] o.s.b.w.embedded.tomcat.TomcatWebServer  : Tomcat initialized with port 8081 (http)
2026-05-23T15:55:43.300+05:00  INFO 6116 --- [MainApplication] [main] o.apache.catalina.core.StandardService   : Starting service [Tomcat]
2026-05-23T15:55:43.301+05:00  INFO 6116 --- [MainApplication] [main] o.apache.catalina.core.StandardEngine    : Starting Servlet engine: [Apache Tomcat/10.1.50]
2026-05-23T15:55:43.565+05:00  INFO 6116 --- [MainApplication] [main] o.a.c.c.C.[Tomcat].[localhost].[/]       : Initializing Spring embedded WebApplicationContext
2026-05-23T15:55:43.567+05:00  INFO 6116 --- [MainApplication] [main] w.s.c.ServletWebServerApplicationContext : Root WebApplicationContext: initialization completed in 5814 ms
2026-05-23T15:55:44.280+05:00  INFO 6116 --- [MainApplication] [main] o.hibernate.jpa.internal.util.LogHelper  : HHH000204: Processing PersistenceUnitInfo [name: default]
2026-05-23T15:55:44.556+05:00  INFO 6116 --- [MainApplication] [main] org.hibernate.Version                    : HHH000412: Hibernate ORM core version 6.6.41.Final
2026-05-23T15:55:44.705+05:00  INFO 6116 --- [MainApplication] [main] o.h.c.internal.RegionFactoryInitiator    : HHH000026: Second-level cache disabled
2026-05-23T15:55:45.841+05:00  INFO 6116 --- [MainApplication] [main] o.s.o.j.p.SpringPersistenceUnitInfo      : No LoadTimeWeaver setup: ignoring JPA class transformer
2026-05-23T15:55:45.985+05:00  INFO 6116 --- [MainApplication] [main] com.zaxxer.hikari.HikariDataSource       : HikariPool-1 - Starting...
2026-05-23T15:55:46.823+05:00  INFO 6116 --- [MainApplication] [main] com.zaxxer.hikari.pool.HikariPool        : HikariPool-1 - Added connection org.postgresql.jdbc.PgConnection@ff2266c
2026-05-23T15:55:46.827+05:00  INFO 6116 --- [MainApplication] [main] com.zaxxer.hikari.HikariDataSource       : HikariPool-1 - Start completed.
2026-05-23T15:55:47.036+05:00  INFO 6116 --- [MainApplication] [main] org.hibernate.orm.connections.pooling    : HHH10001005: Database info:
	Database JDBC URL [Connecting through datasource 'HikariDataSource (HikariPool-1)']
	Database driver: undefined/unknown
	Database version: 17.2
	Autocommit mode: undefined/unknown
	Isolation level: undefined/unknown
	Minimum pool size: undefined/unknown
	Maximum pool size: undefined/unknown
2026-05-23T15:55:50.185+05:00  INFO 6116 --- [MainApplication] [main] o.h.e.t.j.p.i.JtaPlatformInitiator       : HHH000489: No JTA platform available (set 'hibernate.transaction.jta.platform' to enable JTA platform integration)
2026-05-23T15:55:50.867+05:00  INFO 6116 --- [MainApplication] [main] j.LocalContainerEntityManagerFactoryBean : Initialized JPA EntityManagerFactory for persistence unit 'default'
2026-05-23T15:55:52.515+05:00  WARN 6116 --- [MainApplication] [main] JpaBaseConfiguration$JpaWebConfiguration : spring.jpa.open-in-view is enabled by default. Therefore, database queries may be performed during view rendering. Explicitly configure spring.jpa.open-in-view to disable this warning
2026-05-23T15:55:52.629+05:00  WARN 6116 --- [MainApplication] [main] .s.s.UserDetailsServiceAutoConfiguration : 

Using generated security password: 612f853d-d918-4e0c-a300-9ed83e290018

This generated password is for development use only. Your security configuration must be updated before running your application in production.

2026-05-23T15:55:52.657+05:00  INFO 6116 --- [MainApplication] [main] r$InitializeUserDetailsManagerConfigurer : Global AuthenticationManager configured with UserDetailsService bean with name inMemoryUserDetailsManager
2026-05-23T15:55:53.724+05:00 DEBUG 6116 --- [MainApplication] [main] o.s.s.web.DefaultSecurityFilterChain     : Will secure any request with filters: DisableEncodeUrlFilter, WebAsyncManagerIntegrationFilter, SecurityContextHolderFilter, HeaderWriterFilter, LogoutFilter, RequestCacheAwareFilter, SecurityContextHolderAwareRequestFilter, AnonymousAuthenticationFilter, ExceptionTranslationFilter, AuthorizationFilter
2026-05-23T15:55:55.201+05:00  INFO 6116 --- [MainApplication] [main] o.s.b.w.embedded.tomcat.TomcatWebServer  : Tomcat started on port 8081 (http) with context path '/'
2026-05-23T15:55:55.229+05:00  INFO 6116 --- [MainApplication] [main] com.example.Library.LibraryManagement    : Started LibraryManagement in 18.772 seconds (process running for 19.4)
2026-05-23T15:55:58.624+05:00  INFO 6116 --- [MainApplication] [tomcat-handler-0] o.a.c.c.C.[Tomcat].[localhost].[/]       : Initializing Spring DispatcherServlet 'dispatcherServlet'
2026-05-23T15:55:58.625+05:00  INFO 6116 --- [MainApplication] [tomcat-handler-0] o.s.web.servlet.DispatcherServlet        : Initializing Servlet 'dispatcherServlet'
2026-05-23T15:55:58.629+05:00  INFO 6116 --- [MainApplication] [tomcat-handler-0] o.s.web.servlet.DispatcherServlet        : Completed initialization in 4 ms
2026-05-23T15:55:58.703+05:00 DEBUG 6116 --- [MainApplication] [tomcat-handler-0] o.s.security.web.FilterChainProxy        : Securing POST /api/auth/login
2026-05-23T15:55:58.739+05:00 DEBUG 6116 --- [MainApplication] [tomcat-handler-0] o.s.security.web.FilterChainProxy        : Secured POST /api/auth/login
2026-05-23T15:56:00.469+05:00 DEBUG 6116 --- [MainApplication] [tomcat-handler-0] o.s.s.w.a.AnonymousAuthenticationFilter  : Set SecurityContextHolder to anonymous SecurityContext
2026-05-23T15:57:49.900+05:00 DEBUG 6116 --- [MainApplication] [tomcat-handler-4] o.s.security.web.FilterChainProxy        : Securing POST /post/api/authors
2026-05-23T15:57:49.903+05:00 DEBUG 6116 --- [MainApplication] [tomcat-handler-4] o.s.s.w.a.AnonymousAuthenticationFilter  : Set SecurityContextHolder to anonymous SecurityContext
2026-05-23T15:57:49.973+05:00 DEBUG 6116 --- [MainApplication] [tomcat-handler-4] o.s.s.w.s.HttpSessionRequestCache        : Saved request http://localhost:8081/post/api/authors?continue to session
2026-05-23T15:57:49.974+05:00 DEBUG 6116 --- [MainApplication] [tomcat-handler-4] o.s.s.w.a.Http403ForbiddenEntryPoint     : Pre-authenticated entry point called. Rejecting access
2026-05-23T15:57:49.989+05:00 DEBUG 6116 --- [MainApplication] [tomcat-handler-4] o.s.security.web.FilterChainProxy        : Securing POST /error
2026-05-23T15:57:49.990+05:00 DEBUG 6116 --- [MainApplication] [tomcat-handler-4] o.s.s.w.a.AnonymousAuthenticationFilter  : Set SecurityContextHolder to anonymous SecurityContext
2026-05-23T15:57:49.993+05:00 DEBUG 6116 --- [MainApplication] [tomcat-handler-4] o.s.s.w.s.HttpSessionRequestCache        : Saved request http://localhost:8081/error?continue to session
2026-05-23T15:57:49.994+05:00 DEBUG 6116 --- [MainApplication] [tomcat-handler-4] o.s.s.w.a.Http403ForbiddenEntryPoint     : Pre-authenticated entry point called. Rejecting access
2026-05-23T15:58:19.258+05:00 DEBUG 6116 --- [MainApplication] [tomcat-handler-5] o.s.security.web.FilterChainProxy        : Securing POST /post/api/authors
2026-05-23T15:58:19.259+05:00 DEBUG 6116 --- [MainApplication] [tomcat-handler-5] o.s.s.w.a.AnonymousAuthenticationFilter  : Set SecurityContextHolder to anonymous SecurityContext
2026-05-23T15:58:19.262+05:00 DEBUG 6116 --- [MainApplication] [tomcat-handler-5] o.s.s.w.s.HttpSessionRequestCache        : Saved request http://localhost:8081/post/api/authors?continue to session
2026-05-23T15:58:19.262+05:00 DEBUG 6116 --- [MainApplication] [tomcat-handler-5] o.s.s.w.a.Http403ForbiddenEntryPoint     : Pre-authenticated entry point called. Rejecting access
2026-05-23T15:58:19.265+05:00 DEBUG 6116 --- [MainApplication] [tomcat-handler-5] o.s.security.web.FilterChainProxy        : Securing POST /error
2026-05-23T15:58:19.266+05:00 DEBUG 6116 --- [MainApplication] [tomcat-handler-5] o.s.s.w.a.AnonymousAuthenticationFilter  : Set SecurityContextHolder to anonymous SecurityContext
2026-05-23T15:58:19.267+05:00 DEBUG 6116 --- [MainApplication] [tomcat-handler-5] o.s.s.w.s.HttpSessionRequestCache        : Saved request http://localhost:8081/error?continue to session
2026-05-23T15:58:19.268+05:00 DEBUG 6116 --- [MainApplication] [tomcat-handler-5] o.s.s.w.a.Http403ForbiddenEntryPoint     : Pre-authenticated entry point called. Rejecting access
2026-05-23T15:58:28.203+05:00 DEBUG 6116 --- [MainApplication] [tomcat-handler-6] o.s.security.web.FilterChainProxy        : Securing POST /api/auth/login
2026-05-23T15:58:28.204+05:00 DEBUG 6116 --- [MainApplication] [tomcat-handler-6] o.s.security.web.FilterChainProxy        : Secured POST /api/auth/login
2026-05-23T15:58:28.381+05:00 DEBUG 6116 --- [MainApplication] [tomcat-handler-6] o.s.s.w.a.AnonymousAuthenticationFilter  : Set SecurityContextHolder to anonymous SecurityContext
2026-05-23T15:58:56.221+05:00 DEBUG 6116 --- [MainApplication] [tomcat-handler-7] o.s.security.web.FilterChainProxy        : Securing POST /post/api/authors
2026-05-23T15:58:56.222+05:00 DEBUG 6116 --- [MainApplication] [tomcat-handler-7] o.s.s.w.a.AnonymousAuthenticationFilter  : Set SecurityContextHolder to anonymous SecurityContext
2026-05-23T15:58:56.225+05:00 DEBUG 6116 --- [MainApplication] [tomcat-handler-7] o.s.s.w.s.HttpSessionRequestCache        : Saved request http://localhost:8081/post/api/authors?continue to session
2026-05-23T15:58:56.226+05:00 DEBUG 6116 --- [MainApplication] [tomcat-handler-7] o.s.s.w.a.Http403ForbiddenEntryPoint     : Pre-authenticated entry point called. Rejecting access
2026-05-23T15:58:56.230+05:00 DEBUG 6116 --- [MainApplication] [tomcat-handler-7] o.s.security.web.FilterChainProxy        : Securing POST /error
2026-05-23T15:58:56.232+05:00 DEBUG 6116 --- [MainApplication] [tomcat-handler-7] o.s.s.w.a.AnonymousAuthenticationFilter  : Set SecurityContextHolder to anonymous SecurityContext
2026-05-23T15:58:56.234+05:00 DEBUG 6116 --- [MainApplication] [tomcat-handler-7] o.s.s.w.s.HttpSessionRequestCache        : Saved request http://localhost:8081/error?continue to session
2026-05-23T15:58:56.235+05:00 DEBUG 6116 --- [MainApplication] [tomcat-handler-7] o.s.s.w.a.Http403ForbiddenEntryPoint     : Pre-authenticated entry point called. Rejecting access
2026-05-23T16:00:02.499+05:00 DEBUG 6116 --- [MainApplication] [tomcat-handler-10] o.s.security.web.FilterChainProxy        : Securing POST /post/api/authors
2026-05-23T16:00:02.501+05:00 DEBUG 6116 --- [MainApplication] [tomcat-handler-10] o.s.s.w.a.AnonymousAuthenticationFilter  : Set SecurityContextHolder to anonymous SecurityContext
2026-05-23T16:00:02.504+05:00 DEBUG 6116 --- [MainApplication] [tomcat-handler-10] o.s.s.w.s.HttpSessionRequestCache        : Saved request http://localhost:8081/post/api/authors?continue to session
2026-05-23T16:00:02.505+05:00 DEBUG 6116 --- [MainApplication] [tomcat-handler-10] o.s.s.w.a.Http403ForbiddenEntryPoint     : Pre-authenticated entry point called. Rejecting access
2026-05-23T16:00:02.509+05:00 DEBUG 6116 --- [MainApplication] [tomcat-handler-10] o.s.security.web.FilterChainProxy        : Securing POST /error
2026-05-23T16:00:02.511+05:00 DEBUG 6116 --- [MainApplication] [tomcat-handler-10] o.s.s.w.a.AnonymousAuthenticationFilter  : Set SecurityContextHolder to anonymous SecurityContext
2026-05-23T16:00:02.514+05:00 DEBUG 6116 --- [MainApplication] [tomcat-handler-10] o.s.s.w.s.HttpSessionRequestCache        : Saved request http://localhost:8081/error?continue to session
2026-05-23T16:00:02.515+05:00 DEBUG 6116 --- [MainApplication] [tomcat-handler-10] o.s.s.w.a.Http403ForbiddenEntryPoint     : Pre-authenticated entry point called. Rejecting access
2026-05-23T16:00:07.803+05:00 DEBUG 6116 --- [MainApplication] [tomcat-handler-11] o.s.security.web.FilterChainProxy        : Securing POST /api/auth/login
2026-05-23T16:00:07.806+05:00 DEBUG 6116 --- [MainApplication] [tomcat-handler-11] o.s.security.web.FilterChainProxy        : Secured POST /api/auth/login
2026-05-23T16:00:08.078+05:00 DEBUG 6116 --- [MainApplication] [tomcat-handler-11] o.s.s.w.a.AnonymousAuthenticationFilter  : Set SecurityContextHolder to anonymous SecurityContext
2026-05-23T16:03:50.981+05:00 DEBUG 6116 --- [MainApplication] [tomcat-handler-14] o.s.security.web.FilterChainProxy        : Securing POST /api/auth/login
2026-05-23T16:03:50.982+05:00 DEBUG 6116 --- [MainApplication] [tomcat-handler-14] o.s.security.web.FilterChainProxy        : Secured POST /api/auth/login
2026-05-23T16:03:51.125+05:00 DEBUG 6116 --- [MainApplication] [tomcat-handler-14] o.s.s.w.a.AnonymousAuthenticationFilter  : Set SecurityContextHolder to anonymous SecurityContext
2026-05-23T16:05:00.845+05:00 DEBUG 6116 --- [MainApplication] [tomcat-handler-17] o.s.security.web.FilterChainProxy        : Securing POST /post/api/authors
2026-05-23T16:05:00.848+05:00 DEBUG 6116 --- [MainApplication] [tomcat-handler-17] o.s.s.w.a.AnonymousAuthenticationFilter  : Set SecurityContextHolder to anonymous SecurityContext
2026-05-23T16:05:00.850+05:00 DEBUG 6116 --- [MainApplication] [tomcat-handler-17] o.s.s.w.s.HttpSessionRequestCache        : Saved request http://localhost:8081/post/api/authors?continue to session
2026-05-23T16:05:00.850+05:00 DEBUG 6116 --- [MainApplication] [tomcat-handler-17] o.s.s.w.a.Http403ForbiddenEntryPoint     : Pre-authenticated entry point called. Rejecting access
2026-05-23T16:05:00.853+05:00 DEBUG 6116 --- [MainApplication] [tomcat-handler-17] o.s.security.web.FilterChainProxy        : Securing POST /error
2026-05-23T16:05:00.855+05:00 DEBUG 6116 --- [MainApplication] [tomcat-handler-17] o.s.s.w.a.AnonymousAuthenticationFilter  : Set SecurityContextHolder to anonymous SecurityContext
2026-05-23T16:05:00.857+05:00 DEBUG 6116 --- [MainApplication] [tomcat-handler-17] o.s.s.w.s.HttpSessionRequestCache        : Saved request http://localhost:8081/error?continue to session
2026-05-23T16:05:00.858+05:00 DEBUG 6116 --- [MainApplication] [tomcat-handler-17] o.s.s.w.a.Http403ForbiddenEntryPoint     : Pre-authenticated entry point called. Rejecting access
2026-05-23T16:05:12.828+05:00 DEBUG 6116 --- [MainApplication] [tomcat-handler-18] o.s.security.web.FilterChainProxy        : Securing POST /post/api/authors
2026-05-23T16:05:12.829+05:00 DEBUG 6116 --- [MainApplication] [tomcat-handler-18] o.s.s.w.a.AnonymousAuthenticationFilter  : Set SecurityContextHolder to anonymous SecurityContext
2026-05-23T16:05:12.831+05:00 DEBUG 6116 --- [MainApplication] [tomcat-handler-18] o.s.s.w.s.HttpSessionRequestCache        : Saved request http://localhost:8081/post/api/authors?continue to session
2026-05-23T16:05:12.832+05:00 DEBUG 6116 --- [MainApplication] [tomcat-handler-18] o.s.s.w.a.Http403ForbiddenEntryPoint     : Pre-authenticated entry point called. Rejecting access
2026-05-23T16:05:12.833+05:00 DEBUG 6116 --- [MainApplication] [tomcat-handler-18] o.s.security.web.FilterChainProxy        : Securing POST /error
2026-05-23T16:05:12.834+05:00 DEBUG 6116 --- [MainApplication] [tomcat-handler-18] o.s.s.w.a.AnonymousAuthenticationFilter  : Set SecurityContextHolder to anonymous SecurityContext
2026-05-23T16:05:12.835+05:00 DEBUG 6116 --- [MainApplication] [tomcat-handler-18] o.s.s.w.s.HttpSessionRequestCache        : Saved request http://localhost:8081/error?continue to session
2026-05-23T16:05:12.836+05:00 DEBUG 6116 --- [MainApplication] [tomcat-handler-18] o.s.s.w.a.Http403ForbiddenEntryPoint     : Pre-authenticated entry point called. Rejecting access
2026-05-23T16:05:20.136+05:00 DEBUG 6116 --- [MainApplication] [tomcat-handler-19] o.s.security.web.FilterChainProxy        : Securing POST /post/api/authors
2026-05-23T16:05:20.137+05:00 DEBUG 6116 --- [MainApplication] [tomcat-handler-19] o.s.s.w.a.AnonymousAuthenticationFilter  : Set SecurityContextHolder to anonymous SecurityContext
2026-05-23T16:05:20.139+05:00 DEBUG 6116 --- [MainApplication] [tomcat-handler-19] o.s.s.w.s.HttpSessionRequestCache        : Saved request http://localhost:8081/post/api/authors?continue to session
2026-05-23T16:05:20.139+05:00 DEBUG 6116 --- [MainApplication] [tomcat-handler-19] o.s.s.w.a.Http403ForbiddenEntryPoint     : Pre-authenticated entry point called. Rejecting access
2026-05-23T16:05:20.141+05:00 DEBUG 6116 --- [MainApplication] [tomcat-handler-19] o.s.security.web.FilterChainProxy        : Securing POST /error
2026-05-23T16:05:20.142+05:00 DEBUG 6116 --- [MainApplication] [tomcat-handler-19] o.s.s.w.a.AnonymousAuthenticationFilter  : Set SecurityContextHolder to anonymous SecurityContext
2026-05-23T16:05:20.143+05:00 DEBUG 6116 --- [MainApplication] [tomcat-handler-19] o.s.s.w.s.HttpSessionRequestCache        : Saved request http://localhost:8081/error?continue to session
2026-05-23T16:05:20.144+05:00 DEBUG 6116 --- [MainApplication] [tomcat-handler-19] o.s.s.w.a.Http403ForbiddenEntryPoint     : Pre-authenticated entry point called. Rejecting access
2026-05-23T16:06:49.452+05:00 DEBUG 6116 --- [MainApplication] [tomcat-handler-21] o.s.security.web.FilterChainProxy        : Securing GET /swagger-ui.html
2026-05-23T16:06:49.453+05:00 DEBUG 6116 --- [MainApplication] [tomcat-handler-21] o.s.s.w.a.AnonymousAuthenticationFilter  : Set SecurityContextHolder to anonymous SecurityContext
2026-05-23T16:06:49.457+05:00 DEBUG 6116 --- [MainApplication] [tomcat-handler-21] o.s.s.w.s.HttpSessionRequestCache        : Saved request http://localhost:8081/swagger-ui.html?continue to session
2026-05-23T16:06:49.458+05:00 DEBUG 6116 --- [MainApplication] [tomcat-handler-21] o.s.s.w.a.Http403ForbiddenEntryPoint     : Pre-authenticated entry point called. Rejecting access
2026-05-23T16:06:49.459+05:00 DEBUG 6116 --- [MainApplication] [tomcat-handler-21] o.s.security.web.FilterChainProxy        : Securing GET /error
2026-05-23T16:06:49.460+05:00 DEBUG 6116 --- [MainApplication] [tomcat-handler-21] o.s.s.w.a.AnonymousAuthenticationFilter  : Set SecurityContextHolder to anonymous SecurityContext
2026-05-23T16:06:49.461+05:00 DEBUG 6116 --- [MainApplication] [tomcat-handler-21] o.s.s.w.s.HttpSessionRequestCache        : Saved request http://localhost:8081/error?continue to session
2026-05-23T16:06:49.462+05:00 DEBUG 6116 --- [MainApplication] [tomcat-handler-21] o.s.s.w.a.Http403ForbiddenEntryPoint     : Pre-authenticated entry point called. Rejecting access
2026-05-23T16:08:11.316+05:00  INFO 16624 --- [MainApplication] [main] com.example.Library.LibraryManagement    : Starting LibraryManagement using Java 21.0.8 with PID 16624 (C:\IntellijProjects\Library management\build\classes\java\main started by Doni in C:\IntellijProjects\Library management)
2026-05-23T16:08:11.332+05:00  INFO 16624 --- [MainApplication] [main] com.example.Library.LibraryManagement    : No active profile set, falling back to 1 default profile: "default"
2026-05-23T16:08:13.166+05:00  INFO 16624 --- [MainApplication] [main] .s.d.r.c.RepositoryConfigurationDelegate : Multiple Spring Data modules found, entering strict repository configuration mode
2026-05-23T16:08:13.168+05:00  INFO 16624 --- [MainApplication] [main] .s.d.r.c.RepositoryConfigurationDelegate : Bootstrapping Spring Data JDBC repositories in DEFAULT mode.
2026-05-23T16:08:13.234+05:00  INFO 16624 --- [MainApplication] [main] .RepositoryConfigurationExtensionSupport : Spring Data JDBC - Could not safely identify store assignment for repository candidate interface com.example.Library.domain.repository.BookRepository; If you want this repository to be a JDBC repository, consider annotating your entities with one of these annotations: org.springframework.data.relational.core.mapping.Table.
2026-05-23T16:08:13.236+05:00  INFO 16624 --- [MainApplication] [main] .RepositoryConfigurationExtensionSupport : Spring Data JDBC - Could not safely identify store assignment for repository candidate interface com.example.Library.domain.repository.BorrowRepository; If you want this repository to be a JDBC repository, consider annotating your entities with one of these annotations: org.springframework.data.relational.core.mapping.Table.
2026-05-23T16:08:13.238+05:00  INFO 16624 --- [MainApplication] [main] .RepositoryConfigurationExtensionSupport : Spring Data JDBC - Could not safely identify store assignment for repository candidate interface com.example.Library.domain.repository.UserRepository; If you want this repository to be a JDBC repository, consider annotating your entities with one of these annotations: org.springframework.data.relational.core.mapping.Table.
2026-05-23T16:08:13.239+05:00  INFO 16624 --- [MainApplication] [main] .s.d.r.c.RepositoryConfigurationDelegate : Finished Spring Data repository scanning in 55 ms. Found 0 JDBC repository interfaces.
2026-05-23T16:08:13.258+05:00  INFO 16624 --- [MainApplication] [main] .s.d.r.c.RepositoryConfigurationDelegate : Multiple Spring Data modules found, entering strict repository configuration mode
2026-05-23T16:08:13.260+05:00  INFO 16624 --- [MainApplication] [main] .s.d.r.c.RepositoryConfigurationDelegate : Bootstrapping Spring Data JPA repositories in DEFAULT mode.
2026-05-23T16:08:13.324+05:00  INFO 16624 --- [MainApplication] [main] .s.d.r.c.RepositoryConfigurationDelegate : Finished Spring Data repository scanning in 55 ms. Found 3 JPA repository interfaces.
2026-05-23T16:08:14.384+05:00  INFO 16624 --- [MainApplication] [main] o.s.b.w.embedded.tomcat.TomcatWebServer  : Tomcat initialized with port 8081 (http)
2026-05-23T16:08:14.405+05:00  INFO 16624 --- [MainApplication] [main] o.apache.catalina.core.StandardService   : Starting service [Tomcat]
2026-05-23T16:08:14.406+05:00  INFO 16624 --- [MainApplication] [main] o.apache.catalina.core.StandardEngine    : Starting Servlet engine: [Apache Tomcat/10.1.50]
2026-05-23T16:08:14.543+05:00  INFO 16624 --- [MainApplication] [main] o.a.c.c.C.[Tomcat].[localhost].[/]       : Initializing Spring embedded WebApplicationContext
2026-05-23T16:08:14.544+05:00  INFO 16624 --- [MainApplication] [main] w.s.c.ServletWebServerApplicationContext : Root WebApplicationContext: initialization completed in 3057 ms
2026-05-23T16:08:15.003+05:00  INFO 16624 --- [MainApplication] [main] o.hibernate.jpa.internal.util.LogHelper  : HHH000204: Processing PersistenceUnitInfo [name: default]
2026-05-23T16:08:15.121+05:00  INFO 16624 --- [MainApplication] [main] org.hibernate.Version                    : HHH000412: Hibernate ORM core version 6.6.41.Final
2026-05-23T16:08:15.182+05:00  INFO 16624 --- [MainApplication] [main] o.h.c.internal.RegionFactoryInitiator    : HHH000026: Second-level cache disabled
2026-05-23T16:08:15.889+05:00  INFO 16624 --- [MainApplication] [main] o.s.o.j.p.SpringPersistenceUnitInfo      : No LoadTimeWeaver setup: ignoring JPA class transformer
2026-05-23T16:08:15.941+05:00  INFO 16624 --- [MainApplication] [main] com.zaxxer.hikari.HikariDataSource       : HikariPool-1 - Starting...
2026-05-23T16:08:16.280+05:00  INFO 16624 --- [MainApplication] [main] com.zaxxer.hikari.pool.HikariPool        : HikariPool-1 - Added connection org.postgresql.jdbc.PgConnection@194037f9
2026-05-23T16:08:16.283+05:00  INFO 16624 --- [MainApplication] [main] com.zaxxer.hikari.HikariDataSource       : HikariPool-1 - Start completed.
2026-05-23T16:08:16.390+05:00  INFO 16624 --- [MainApplication] [main] org.hibernate.orm.connections.pooling    : HHH10001005: Database info:
	Database JDBC URL [Connecting through datasource 'HikariDataSource (HikariPool-1)']
	Database driver: undefined/unknown
	Database version: 17.2
	Autocommit mode: undefined/unknown
	Isolation level: undefined/unknown
	Minimum pool size: undefined/unknown
	Maximum pool size: undefined/unknown
2026-05-23T16:08:18.110+05:00  INFO 16624 --- [MainApplication] [main] o.h.e.t.j.p.i.JtaPlatformInitiator       : HHH000489: No JTA platform available (set 'hibernate.transaction.jta.platform' to enable JTA platform integration)
2026-05-23T16:08:18.529+05:00  INFO 16624 --- [MainApplication] [main] j.LocalContainerEntityManagerFactoryBean : Initialized JPA EntityManagerFactory for persistence unit 'default'
2026-05-23T16:08:19.445+05:00  WARN 16624 --- [MainApplication] [main] JpaBaseConfiguration$JpaWebConfiguration : spring.jpa.open-in-view is enabled by default. Therefore, database queries may be performed during view rendering. Explicitly configure spring.jpa.open-in-view to disable this warning
2026-05-23T16:08:19.503+05:00  WARN 16624 --- [MainApplication] [main] .s.s.UserDetailsServiceAutoConfiguration : 

Using generated security password: 73640f6f-ff6d-4c7f-a570-da708f9519d4

This generated password is for development use only. Your security configuration must be updated before running your application in production.

2026-05-23T16:08:19.517+05:00  INFO 16624 --- [MainApplication] [main] r$InitializeUserDetailsManagerConfigurer : Global AuthenticationManager configured with UserDetailsService bean with name inMemoryUserDetailsManager
2026-05-23T16:08:20.049+05:00 DEBUG 16624 --- [MainApplication] [main] o.s.s.web.DefaultSecurityFilterChain     : Will secure any request with filters: DisableEncodeUrlFilter, WebAsyncManagerIntegrationFilter, SecurityContextHolderFilter, HeaderWriterFilter, LogoutFilter, RequestCacheAwareFilter, SecurityContextHolderAwareRequestFilter, AnonymousAuthenticationFilter, ExceptionTranslationFilter, AuthorizationFilter
2026-05-23T16:08:21.195+05:00  INFO 16624 --- [MainApplication] [main] o.s.b.w.embedded.tomcat.TomcatWebServer  : Tomcat started on port 8081 (http) with context path '/'
2026-05-23T16:08:21.218+05:00  INFO 16624 --- [MainApplication] [main] com.example.Library.LibraryManagement    : Started LibraryManagement in 11.206 seconds (process running for 11.876)
2026-05-23T16:08:23.249+05:00  INFO 16624 --- [MainApplication] [tomcat-handler-0] o.a.c.c.C.[Tomcat].[localhost].[/]       : Initializing Spring DispatcherServlet 'dispatcherServlet'
2026-05-23T16:08:23.250+05:00  INFO 16624 --- [MainApplication] [tomcat-handler-0] o.s.web.servlet.DispatcherServlet        : Initializing Servlet 'dispatcherServlet'
2026-05-23T16:08:23.253+05:00  INFO 16624 --- [MainApplication] [tomcat-handler-0] o.s.web.servlet.DispatcherServlet        : Completed initialization in 2 ms
2026-05-23T16:08:23.323+05:00 DEBUG 16624 --- [MainApplication] [tomcat-handler-0] o.s.security.web.FilterChainProxy        : Securing GET /swagger-ui.html
2026-05-23T16:08:23.356+05:00 DEBUG 16624 --- [MainApplication] [tomcat-handler-0] o.s.security.web.FilterChainProxy        : Secured GET /swagger-ui.html
2026-05-23T16:08:23.619+05:00 DEBUG 16624 --- [MainApplication] [tomcat-handler-0] o.s.s.w.a.AnonymousAuthenticationFilter  : Set SecurityContextHolder to anonymous SecurityContext
2026-05-23T16:08:23.641+05:00 DEBUG 16624 --- [MainApplication] [tomcat-handler-1] o.s.security.web.FilterChainProxy        : Securing GET /swagger-ui/index.html
2026-05-23T16:08:23.642+05:00 DEBUG 16624 --- [MainApplication] [tomcat-handler-1] o.s.security.web.FilterChainProxy        : Secured GET /swagger-ui/index.html
2026-05-23T16:08:23.666+05:00 DEBUG 16624 --- [MainApplication] [tomcat-handler-1] o.s.s.w.a.AnonymousAuthenticationFilter  : Set SecurityContextHolder to anonymous SecurityContext
2026-05-23T16:08:23.719+05:00 DEBUG 16624 --- [MainApplication] [tomcat-handler-2] o.s.security.web.FilterChainProxy        : Securing GET /swagger-ui/swagger-ui.css
2026-05-23T16:08:23.720+05:00 DEBUG 16624 --- [MainApplication] [tomcat-handler-2] o.s.security.web.FilterChainProxy        : Secured GET /swagger-ui/swagger-ui.css
2026-05-23T16:08:23.722+05:00 DEBUG 16624 --- [MainApplication] [tomcat-handler-4] o.s.security.web.FilterChainProxy        : Securing GET /swagger-ui/swagger-ui-bundle.js
2026-05-23T16:08:23.723+05:00 DEBUG 16624 --- [MainApplication] [tomcat-handler-5] o.s.security.web.FilterChainProxy        : Securing GET /swagger-ui/swagger-ui-standalone-preset.js
2026-05-23T16:08:23.724+05:00 DEBUG 16624 --- [MainApplication] [tomcat-handler-4] o.s.security.web.FilterChainProxy        : Secured GET /swagger-ui/swagger-ui-bundle.js
2026-05-23T16:08:23.724+05:00 DEBUG 16624 --- [MainApplication] [tomcat-handler-5] o.s.security.web.FilterChainProxy        : Secured GET /swagger-ui/swagger-ui-standalone-preset.js
2026-05-23T16:08:23.723+05:00 DEBUG 16624 --- [MainApplication] [tomcat-handler-3] o.s.security.web.FilterChainProxy        : Securing GET /swagger-ui/index.css
2026-05-23T16:08:23.725+05:00 DEBUG 16624 --- [MainApplication] [tomcat-handler-3] o.s.security.web.FilterChainProxy        : Secured GET /swagger-ui/index.css
2026-05-23T16:08:23.731+05:00 DEBUG 16624 --- [MainApplication] [tomcat-handler-2] o.s.s.w.a.AnonymousAuthenticationFilter  : Set SecurityContextHolder to anonymous SecurityContext
2026-05-23T16:08:23.733+05:00 DEBUG 16624 --- [MainApplication] [tomcat-handler-6] o.s.security.web.FilterChainProxy        : Securing GET /swagger-ui/swagger-initializer.js
2026-05-23T16:08:23.734+05:00 DEBUG 16624 --- [MainApplication] [tomcat-handler-6] o.s.security.web.FilterChainProxy        : Secured GET /swagger-ui/swagger-initializer.js
2026-05-23T16:08:23.741+05:00 DEBUG 16624 --- [MainApplication] [tomcat-handler-5] o.s.s.w.a.AnonymousAuthenticationFilter  : Set SecurityContextHolder to anonymous SecurityContext
2026-05-23T16:08:23.755+05:00 DEBUG 16624 --- [MainApplication] [tomcat-handler-3] o.s.s.w.a.AnonymousAuthenticationFilter  : Set SecurityContextHolder to anonymous SecurityContext
2026-05-23T16:08:23.761+05:00 DEBUG 16624 --- [MainApplication] [tomcat-handler-4] o.s.s.w.a.AnonymousAuthenticationFilter  : Set SecurityContextHolder to anonymous SecurityContext
2026-05-23T16:08:23.819+05:00 DEBUG 16624 --- [MainApplication] [tomcat-handler-6] o.s.s.w.a.AnonymousAuthenticationFilter  : Set SecurityContextHolder to anonymous SecurityContext
2026-05-23T16:08:24.046+05:00 DEBUG 16624 --- [MainApplication] [tomcat-handler-7] o.s.security.web.FilterChainProxy        : Securing GET /v3/api-docs/swagger-config
2026-05-23T16:08:24.047+05:00 DEBUG 16624 --- [MainApplication] [tomcat-handler-7] o.s.security.web.FilterChainProxy        : Secured GET /v3/api-docs/swagger-config
2026-05-23T16:08:24.051+05:00 DEBUG 16624 --- [MainApplication] [tomcat-handler-8] o.s.security.web.FilterChainProxy        : Securing GET /swagger-ui/favicon-32x32.png
2026-05-23T16:08:24.052+05:00 DEBUG 16624 --- [MainApplication] [tomcat-handler-8] o.s.security.web.FilterChainProxy        : Secured GET /swagger-ui/favicon-32x32.png
2026-05-23T16:08:24.060+05:00 DEBUG 16624 --- [MainApplication] [tomcat-handler-8] o.s.s.w.a.AnonymousAuthenticationFilter  : Set SecurityContextHolder to anonymous SecurityContext
2026-05-23T16:08:24.089+05:00 DEBUG 16624 --- [MainApplication] [tomcat-handler-7] o.s.s.w.a.AnonymousAuthenticationFilter  : Set SecurityContextHolder to anonymous SecurityContext
2026-05-23T16:08:24.103+05:00 DEBUG 16624 --- [MainApplication] [tomcat-handler-9] o.s.security.web.FilterChainProxy        : Securing GET /v3/api-docs
2026-05-23T16:08:24.104+05:00 DEBUG 16624 --- [MainApplication] [tomcat-handler-9] o.s.security.web.FilterChainProxy        : Secured GET /v3/api-docs
2026-05-23T16:08:25.100+05:00  INFO 16624 --- [MainApplication] [tomcat-handler-9] o.springdoc.api.AbstractOpenApiResource  : Init duration for springdoc-openapi is: 975 ms
2026-05-23T16:08:25.288+05:00 DEBUG 16624 --- [MainApplication] [tomcat-handler-9] o.s.s.w.a.AnonymousAuthenticationFilter  : Set SecurityContextHolder to anonymous SecurityContext
2026-05-23T16:08:55.771+05:00 DEBUG 16624 --- [MainApplication] [tomcat-handler-10] o.s.security.web.FilterChainProxy        : Securing POST /api/auth/login
2026-05-23T16:08:55.773+05:00 DEBUG 16624 --- [MainApplication] [tomcat-handler-10] o.s.security.web.FilterChainProxy        : Secured POST /api/auth/login
2026-05-23T16:08:57.155+05:00 DEBUG 16624 --- [MainApplication] [tomcat-handler-10] o.s.s.w.a.AnonymousAuthenticationFilter  : Set SecurityContextHolder to anonymous SecurityContext
2026-05-23T16:09:17.692+05:00 DEBUG 16624 --- [MainApplication] [tomcat-handler-11] o.s.security.web.FilterChainProxy        : Securing GET /api/books
2026-05-23T16:09:17.696+05:00 DEBUG 16624 --- [MainApplication] [tomcat-handler-11] o.s.s.w.a.AnonymousAuthenticationFilter  : Set SecurityContextHolder to anonymous SecurityContext
2026-05-23T16:09:17.785+05:00 DEBUG 16624 --- [MainApplication] [tomcat-handler-11] o.s.s.w.s.HttpSessionRequestCache        : Saved request http://localhost:8081/api/books?continue to session
2026-05-23T16:09:17.786+05:00 DEBUG 16624 --- [MainApplication] [tomcat-handler-11] o.s.s.w.a.Http403ForbiddenEntryPoint     : Pre-authenticated entry point called. Rejecting access
2026-05-23T16:09:17.808+05:00 DEBUG 16624 --- [MainApplication] [tomcat-handler-11] o.s.security.web.FilterChainProxy        : Securing GET /error
2026-05-23T16:09:17.811+05:00 DEBUG 16624 --- [MainApplication] [tomcat-handler-11] o.s.s.w.a.AnonymousAuthenticationFilter  : Set SecurityContextHolder to anonymous SecurityContext
2026-05-23T16:09:17.814+05:00 DEBUG 16624 --- [MainApplication] [tomcat-handler-11] o.s.s.w.s.HttpSessionRequestCache        : Saved request http://localhost:8081/error?continue to session
2026-05-23T16:09:17.814+05:00 DEBUG 16624 --- [MainApplication] [tomcat-handler-11] o.s.s.w.a.Http403ForbiddenEntryPoint     : Pre-authenticated entry point called. Rejecting access
2026-05-23T16:10:36.315+05:00 DEBUG 16624 --- [MainApplication] [tomcat-handler-17] o.s.security.web.FilterChainProxy        : Securing POST /api/books
2026-05-23T16:10:36.317+05:00 DEBUG 16624 --- [MainApplication] [tomcat-handler-17] o.s.s.w.a.AnonymousAuthenticationFilter  : Set SecurityContextHolder to anonymous SecurityContext
2026-05-23T16:10:36.322+05:00 DEBUG 16624 --- [MainApplication] [tomcat-handler-17] o.s.s.w.s.HttpSessionRequestCache        : Saved request http://localhost:8081/api/books?continue to session
2026-05-23T16:10:36.322+05:00 DEBUG 16624 --- [MainApplication] [tomcat-handler-17] o.s.s.w.a.Http403ForbiddenEntryPoint     : Pre-authenticated entry point called. Rejecting access
2026-05-23T16:10:36.325+05:00 DEBUG 16624 --- [MainApplication] [tomcat-handler-17] o.s.security.web.FilterChainProxy        : Securing POST /error
2026-05-23T16:10:36.327+05:00 DEBUG 16624 --- [MainApplication] [tomcat-handler-17] o.s.s.w.a.AnonymousAuthenticationFilter  : Set SecurityContextHolder to anonymous SecurityContext
2026-05-23T16:10:36.330+05:00 DEBUG 16624 --- [MainApplication] [tomcat-handler-17] o.s.s.w.s.HttpSessionRequestCache        : Saved request http://localhost:8081/error?continue to session
2026-05-23T16:10:36.331+05:00 DEBUG 16624 --- [MainApplication] [tomcat-handler-17] o.s.s.w.a.Http403ForbiddenEntryPoint     : Pre-authenticated entry point called. Rejecting access
2026-05-23T16:11:06.527+05:00  INFO 18700 --- [MainApplication] [main] com.example.Library.LibraryManagement    : Starting LibraryManagement using Java 21.0.8 with PID 18700 (C:\IntellijProjects\Library management\build\classes\java\main started by Doni in C:\IntellijProjects\Library management)
2026-05-23T16:11:06.530+05:00  INFO 18700 --- [MainApplication] [main] com.example.Library.LibraryManagement    : No active profile set, falling back to 1 default profile: "default"
2026-05-23T16:11:08.758+05:00  INFO 18700 --- [MainApplication] [main] .s.d.r.c.RepositoryConfigurationDelegate : Multiple Spring Data modules found, entering strict repository configuration mode
2026-05-23T16:11:08.761+05:00  INFO 18700 --- [MainApplication] [main] .s.d.r.c.RepositoryConfigurationDelegate : Bootstrapping Spring Data JDBC repositories in DEFAULT mode.
2026-05-23T16:11:08.829+05:00  INFO 18700 --- [MainApplication] [main] .RepositoryConfigurationExtensionSupport : Spring Data JDBC - Could not safely identify store assignment for repository candidate interface com.example.Library.domain.repository.BookRepository; If you want this repository to be a JDBC repository, consider annotating your entities with one of these annotations: org.springframework.data.relational.core.mapping.Table.
2026-05-23T16:11:08.831+05:00  INFO 18700 --- [MainApplication] [main] .RepositoryConfigurationExtensionSupport : Spring Data JDBC - Could not safely identify store assignment for repository candidate interface com.example.Library.domain.repository.BorrowRepository; If you want this repository to be a JDBC repository, consider annotating your entities with one of these annotations: org.springframework.data.relational.core.mapping.Table.
2026-05-23T16:11:08.832+05:00  INFO 18700 --- [MainApplication] [main] .RepositoryConfigurationExtensionSupport : Spring Data JDBC - Could not safely identify store assignment for repository candidate interface com.example.Library.domain.repository.UserRepository; If you want this repository to be a JDBC repository, consider annotating your entities with one of these annotations: org.springframework.data.relational.core.mapping.Table.
2026-05-23T16:11:08.833+05:00  INFO 18700 --- [MainApplication] [main] .s.d.r.c.RepositoryConfigurationDelegate : Finished Spring Data repository scanning in 61 ms. Found 0 JDBC repository interfaces.
2026-05-23T16:11:08.853+05:00  INFO 18700 --- [MainApplication] [main] .s.d.r.c.RepositoryConfigurationDelegate : Multiple Spring Data modules found, entering strict repository configuration mode
2026-05-23T16:11:08.854+05:00  INFO 18700 --- [MainApplication] [main] .s.d.r.c.RepositoryConfigurationDelegate : Bootstrapping Spring Data JPA repositories in DEFAULT mode.
2026-05-23T16:11:08.916+05:00  INFO 18700 --- [MainApplication] [main] .s.d.r.c.RepositoryConfigurationDelegate : Finished Spring Data repository scanning in 51 ms. Found 3 JPA repository interfaces.
2026-05-23T16:11:10.043+05:00  INFO 18700 --- [MainApplication] [main] o.s.b.w.embedded.tomcat.TomcatWebServer  : Tomcat initialized with port 8081 (http)
2026-05-23T16:11:10.076+05:00  INFO 18700 --- [MainApplication] [main] o.apache.catalina.core.StandardService   : Starting service [Tomcat]
2026-05-23T16:11:10.076+05:00  INFO 18700 --- [MainApplication] [main] o.apache.catalina.core.StandardEngine    : Starting Servlet engine: [Apache Tomcat/10.1.50]
2026-05-23T16:11:10.202+05:00  INFO 18700 --- [MainApplication] [main] o.a.c.c.C.[Tomcat].[localhost].[/]       : Initializing Spring embedded WebApplicationContext
2026-05-23T16:11:10.203+05:00  INFO 18700 --- [MainApplication] [main] w.s.c.ServletWebServerApplicationContext : Root WebApplicationContext: initialization completed in 3491 ms
2026-05-23T16:11:10.568+05:00  INFO 18700 --- [MainApplication] [main] o.hibernate.jpa.internal.util.LogHelper  : HHH000204: Processing PersistenceUnitInfo [name: default]
2026-05-23T16:11:10.716+05:00  INFO 18700 --- [MainApplication] [main] org.hibernate.Version                    : HHH000412: Hibernate ORM core version 6.6.41.Final
2026-05-23T16:11:10.800+05:00  INFO 18700 --- [MainApplication] [main] o.h.c.internal.RegionFactoryInitiator    : HHH000026: Second-level cache disabled
2026-05-23T16:11:11.425+05:00  INFO 18700 --- [MainApplication] [main] o.s.o.j.p.SpringPersistenceUnitInfo      : No LoadTimeWeaver setup: ignoring JPA class transformer
2026-05-23T16:11:11.489+05:00  INFO 18700 --- [MainApplication] [main] com.zaxxer.hikari.HikariDataSource       : HikariPool-1 - Starting...
2026-05-23T16:11:12.355+05:00  INFO 18700 --- [MainApplication] [main] com.zaxxer.hikari.pool.HikariPool        : HikariPool-1 - Added connection org.postgresql.jdbc.PgConnection@ff2266c
2026-05-23T16:11:12.360+05:00  INFO 18700 --- [MainApplication] [main] com.zaxxer.hikari.HikariDataSource       : HikariPool-1 - Start completed.
2026-05-23T16:11:12.560+05:00  INFO 18700 --- [MainApplication] [main] org.hibernate.orm.connections.pooling    : HHH10001005: Database info:
	Database JDBC URL [Connecting through datasource 'HikariDataSource (HikariPool-1)']
	Database driver: undefined/unknown
	Database version: 17.2
	Autocommit mode: undefined/unknown
	Isolation level: undefined/unknown
	Minimum pool size: undefined/unknown
	Maximum pool size: undefined/unknown
2026-05-23T16:11:16.021+05:00  INFO 18700 --- [MainApplication] [main] o.h.e.t.j.p.i.JtaPlatformInitiator       : HHH000489: No JTA platform available (set 'hibernate.transaction.jta.platform' to enable JTA platform integration)
2026-05-23T16:11:16.693+05:00  INFO 18700 --- [MainApplication] [main] j.LocalContainerEntityManagerFactoryBean : Initialized JPA EntityManagerFactory for persistence unit 'default'
2026-05-23T16:11:18.306+05:00  WARN 18700 --- [MainApplication] [main] JpaBaseConfiguration$JpaWebConfiguration : spring.jpa.open-in-view is enabled by default. Therefore, database queries may be performed during view rendering. Explicitly configure spring.jpa.open-in-view to disable this warning
2026-05-23T16:11:18.431+05:00  WARN 18700 --- [MainApplication] [main] .s.s.UserDetailsServiceAutoConfiguration : 

Using generated security password: 7cc7c2ca-787a-4d81-ad29-97d31786d2af

This generated password is for development use only. Your security configuration must be updated before running your application in production.

2026-05-23T16:11:18.468+05:00  INFO 18700 --- [MainApplication] [main] r$InitializeUserDetailsManagerConfigurer : Global AuthenticationManager configured with UserDetailsService bean with name inMemoryUserDetailsManager
2026-05-23T16:11:19.665+05:00 DEBUG 18700 --- [MainApplication] [main] o.s.s.web.DefaultSecurityFilterChain     : Will secure any request with filters: DisableEncodeUrlFilter, WebAsyncManagerIntegrationFilter, SecurityContextHolderFilter, HeaderWriterFilter, LogoutFilter, RequestCacheAwareFilter, SecurityContextHolderAwareRequestFilter, AnonymousAuthenticationFilter, ExceptionTranslationFilter, AuthorizationFilter
2026-05-23T16:11:21.226+05:00  INFO 18700 --- [MainApplication] [main] o.s.b.w.embedded.tomcat.TomcatWebServer  : Tomcat started on port 8081 (http) with context path '/'
2026-05-23T16:11:21.259+05:00  INFO 18700 --- [MainApplication] [main] com.example.Library.LibraryManagement    : Started LibraryManagement in 16.583 seconds (process running for 17.601)
2026-05-23T16:12:57.313+05:00  INFO 18700 --- [MainApplication] [tomcat-handler-0] o.a.c.c.C.[Tomcat].[localhost].[/]       : Initializing Spring DispatcherServlet 'dispatcherServlet'
2026-05-23T16:12:57.313+05:00  INFO 18700 --- [MainApplication] [tomcat-handler-0] o.s.web.servlet.DispatcherServlet        : Initializing Servlet 'dispatcherServlet'
2026-05-23T16:12:57.317+05:00  INFO 18700 --- [MainApplication] [tomcat-handler-0] o.s.web.servlet.DispatcherServlet        : Completed initialization in 2 ms
2026-05-23T16:12:57.397+05:00 DEBUG 18700 --- [MainApplication] [tomcat-handler-0] o.s.security.web.FilterChainProxy        : Securing POST /api/auth/login
2026-05-23T16:12:57.430+05:00 DEBUG 18700 --- [MainApplication] [tomcat-handler-0] o.s.security.web.FilterChainProxy        : Secured POST /api/auth/login
2026-05-23T16:12:58.826+05:00 DEBUG 18700 --- [MainApplication] [tomcat-handler-0] o.s.s.w.a.AnonymousAuthenticationFilter  : Set SecurityContextHolder to anonymous SecurityContext
2026-05-23T16:13:17.774+05:00 DEBUG 18700 --- [MainApplication] [tomcat-handler-1] o.s.security.web.FilterChainProxy        : Securing GET /api/books
2026-05-23T16:13:17.778+05:00 DEBUG 18700 --- [MainApplication] [tomcat-handler-1] o.s.s.w.a.AnonymousAuthenticationFilter  : Set SecurityContextHolder to anonymous SecurityContext
2026-05-23T16:13:17.874+05:00 DEBUG 18700 --- [MainApplication] [tomcat-handler-1] o.s.s.w.s.HttpSessionRequestCache        : Saved request http://localhost:8081/api/books?continue to session
2026-05-23T16:13:17.875+05:00 DEBUG 18700 --- [MainApplication] [tomcat-handler-1] o.s.s.w.a.Http403ForbiddenEntryPoint     : Pre-authenticated entry point called. Rejecting access
2026-05-23T16:13:17.896+05:00 DEBUG 18700 --- [MainApplication] [tomcat-handler-1] o.s.security.web.FilterChainProxy        : Securing GET /error
2026-05-23T16:13:17.897+05:00 DEBUG 18700 --- [MainApplication] [tomcat-handler-1] o.s.s.w.a.AnonymousAuthenticationFilter  : Set SecurityContextHolder to anonymous SecurityContext
2026-05-23T16:13:17.899+05:00 DEBUG 18700 --- [MainApplication] [tomcat-handler-1] o.s.s.w.s.HttpSessionRequestCache        : Saved request http://localhost:8081/error?continue to session
2026-05-23T16:13:17.899+05:00 DEBUG 18700 --- [MainApplication] [tomcat-handler-1] o.s.s.w.a.Http403ForbiddenEntryPoint     : Pre-authenticated entry point called. Rejecting access
2026-05-23T16:14:07.319+05:00 DEBUG 18700 --- [MainApplication] [tomcat-handler-4] o.s.security.web.FilterChainProxy        : Securing GET /api/books
2026-05-23T16:14:07.321+05:00 DEBUG 18700 --- [MainApplication] [tomcat-handler-4] o.s.s.w.a.AnonymousAuthenticationFilter  : Set SecurityContextHolder to anonymous SecurityContext
2026-05-23T16:14:07.324+05:00 DEBUG 18700 --- [MainApplication] [tomcat-handler-4] o.s.s.w.s.HttpSessionRequestCache        : Saved request http://localhost:8081/api/books?continue to session
2026-05-23T16:14:07.324+05:00 DEBUG 18700 --- [MainApplication] [tomcat-handler-4] o.s.s.w.a.Http403ForbiddenEntryPoint     : Pre-authenticated entry point called. Rejecting access
2026-05-23T16:14:07.327+05:00 DEBUG 18700 --- [MainApplication] [tomcat-handler-4] o.s.security.web.FilterChainProxy        : Securing GET /error
2026-05-23T16:14:07.329+05:00 DEBUG 18700 --- [MainApplication] [tomcat-handler-4] o.s.s.w.a.AnonymousAuthenticationFilter  : Set SecurityContextHolder to anonymous SecurityContext
2026-05-23T16:14:07.331+05:00 DEBUG 18700 --- [MainApplication] [tomcat-handler-4] o.s.s.w.s.HttpSessionRequestCache        : Saved request http://localhost:8081/error?continue to session
2026-05-23T16:14:07.332+05:00 DEBUG 18700 --- [MainApplication] [tomcat-handler-4] o.s.s.w.a.Http403ForbiddenEntryPoint     : Pre-authenticated entry point called. Rejecting access
2026-05-23T16:14:17.587+05:00 DEBUG 18700 --- [MainApplication] [tomcat-handler-5] o.s.security.web.FilterChainProxy        : Securing GET /api/books
2026-05-23T16:14:17.589+05:00 DEBUG 18700 --- [MainApplication] [tomcat-handler-5] o.s.s.w.a.AnonymousAuthenticationFilter  : Set SecurityContextHolder to anonymous SecurityContext
2026-05-23T16:14:17.591+05:00 DEBUG 18700 --- [MainApplication] [tomcat-handler-5] o.s.s.w.s.HttpSessionRequestCache        : Saved request http://localhost:8081/api/books?continue to session
2026-05-23T16:14:17.591+05:00 DEBUG 18700 --- [MainApplication] [tomcat-handler-5] o.s.s.w.a.Http403ForbiddenEntryPoint     : Pre-authenticated entry point called. Rejecting access
2026-05-23T16:14:17.592+05:00 DEBUG 18700 --- [MainApplication] [tomcat-handler-5] o.s.security.web.FilterChainProxy        : Securing GET /error
2026-05-23T16:14:17.593+05:00 DEBUG 18700 --- [MainApplication] [tomcat-handler-5] o.s.s.w.a.AnonymousAuthenticationFilter  : Set SecurityContextHolder to anonymous SecurityContext
2026-05-23T16:14:17.593+05:00 DEBUG 18700 --- [MainApplication] [tomcat-handler-5] o.s.s.w.s.HttpSessionRequestCache        : Saved request http://localhost:8081/error?continue to session
2026-05-23T16:14:17.593+05:00 DEBUG 18700 --- [MainApplication] [tomcat-handler-5] o.s.s.w.a.Http403ForbiddenEntryPoint     : Pre-authenticated entry point called. Rejecting access
2026-05-23T16:18:05.034+05:00  INFO 4104 --- [MainApplication] [main] com.example.Library.LibraryManagement    : Starting LibraryManagement using Java 21.0.8 with PID 4104 (C:\IntellijProjects\Library management\build\classes\java\main started by Doni in C:\IntellijProjects\Library management)
2026-05-23T16:18:05.048+05:00  INFO 4104 --- [MainApplication] [main] com.example.Library.LibraryManagement    : No active profile set, falling back to 1 default profile: "default"
2026-05-23T16:18:35.205+05:00  INFO 20004 --- [MainApplication] [main] com.example.Library.LibraryManagement    : Starting LibraryManagement using Java 21.0.8 with PID 20004 (C:\IntellijProjects\Library management\build\classes\java\main started by Doni in C:\IntellijProjects\Library management)
2026-05-23T16:18:35.208+05:00  INFO 20004 --- [MainApplication] [main] com.example.Library.LibraryManagement    : No active profile set, falling back to 1 default profile: "default"
2026-05-23T16:18:37.266+05:00  INFO 20004 --- [MainApplication] [main] .s.d.r.c.RepositoryConfigurationDelegate : Multiple Spring Data modules found, entering strict repository configuration mode
2026-05-23T16:18:37.269+05:00  INFO 20004 --- [MainApplication] [main] .s.d.r.c.RepositoryConfigurationDelegate : Bootstrapping Spring Data JDBC repositories in DEFAULT mode.
2026-05-23T16:18:37.332+05:00  INFO 20004 --- [MainApplication] [main] .RepositoryConfigurationExtensionSupport : Spring Data JDBC - Could not safely identify store assignment for repository candidate interface com.example.Library.domain.repository.BookRepository; If you want this repository to be a JDBC repository, consider annotating your entities with one of these annotations: org.springframework.data.relational.core.mapping.Table.
2026-05-23T16:18:37.333+05:00  INFO 20004 --- [MainApplication] [main] .RepositoryConfigurationExtensionSupport : Spring Data JDBC - Could not safely identify store assignment for repository candidate interface com.example.Library.domain.repository.BorrowRepository; If you want this repository to be a JDBC repository, consider annotating your entities with one of these annotations: org.springframework.data.relational.core.mapping.Table.
2026-05-23T16:18:37.335+05:00  INFO 20004 --- [MainApplication] [main] .RepositoryConfigurationExtensionSupport : Spring Data JDBC - Could not safely identify store assignment for repository candidate interface com.example.Library.domain.repository.UserRepository; If you want this repository to be a JDBC repository, consider annotating your entities with one of these annotations: org.springframework.data.relational.core.mapping.Table.
2026-05-23T16:18:37.337+05:00  INFO 20004 --- [MainApplication] [main] .s.d.r.c.RepositoryConfigurationDelegate : Finished Spring Data repository scanning in 56 ms. Found 0 JDBC repository interfaces.
2026-05-23T16:18:37.357+05:00  INFO 20004 --- [MainApplication] [main] .s.d.r.c.RepositoryConfigurationDelegate : Multiple Spring Data modules found, entering strict repository configuration mode
2026-05-23T16:18:37.358+05:00  INFO 20004 --- [MainApplication] [main] .s.d.r.c.RepositoryConfigurationDelegate : Bootstrapping Spring Data JPA repositories in DEFAULT mode.
2026-05-23T16:18:37.420+05:00  INFO 20004 --- [MainApplication] [main] .s.d.r.c.RepositoryConfigurationDelegate : Finished Spring Data repository scanning in 55 ms. Found 3 JPA repository interfaces.
2026-05-23T16:18:38.566+05:00  INFO 20004 --- [MainApplication] [main] o.s.b.w.embedded.tomcat.TomcatWebServer  : Tomcat initialized with port 8081 (http)
2026-05-23T16:18:38.595+05:00  INFO 20004 --- [MainApplication] [main] o.apache.catalina.core.StandardService   : Starting service [Tomcat]
2026-05-23T16:18:38.596+05:00  INFO 20004 --- [MainApplication] [main] o.apache.catalina.core.StandardEngine    : Starting Servlet engine: [Apache Tomcat/10.1.50]
2026-05-23T16:18:38.732+05:00  INFO 20004 --- [MainApplication] [main] o.a.c.c.C.[Tomcat].[localhost].[/]       : Initializing Spring embedded WebApplicationContext
2026-05-23T16:18:38.733+05:00  INFO 20004 --- [MainApplication] [main] w.s.c.ServletWebServerApplicationContext : Root WebApplicationContext: initialization completed in 3247 ms
2026-05-23T16:18:39.149+05:00  INFO 20004 --- [MainApplication] [main] o.hibernate.jpa.internal.util.LogHelper  : HHH000204: Processing PersistenceUnitInfo [name: default]
2026-05-23T16:18:39.314+05:00  INFO 20004 --- [MainApplication] [main] org.hibernate.Version                    : HHH000412: Hibernate ORM core version 6.6.41.Final
2026-05-23T16:18:39.381+05:00  INFO 20004 --- [MainApplication] [main] o.h.c.internal.RegionFactoryInitiator    : HHH000026: Second-level cache disabled
2026-05-23T16:18:39.992+05:00  INFO 20004 --- [MainApplication] [main] o.s.o.j.p.SpringPersistenceUnitInfo      : No LoadTimeWeaver setup: ignoring JPA class transformer
2026-05-23T16:18:40.061+05:00  INFO 20004 --- [MainApplication] [main] com.zaxxer.hikari.HikariDataSource       : HikariPool-1 - Starting...
2026-05-23T16:18:40.405+05:00  INFO 20004 --- [MainApplication] [main] com.zaxxer.hikari.pool.HikariPool        : HikariPool-1 - Added connection org.postgresql.jdbc.PgConnection@6591f8ea
2026-05-23T16:18:40.408+05:00  INFO 20004 --- [MainApplication] [main] com.zaxxer.hikari.HikariDataSource       : HikariPool-1 - Start completed.
2026-05-23T16:18:40.520+05:00  INFO 20004 --- [MainApplication] [main] org.hibernate.orm.connections.pooling    : HHH10001005: Database info:
	Database JDBC URL [Connecting through datasource 'HikariDataSource (HikariPool-1)']
	Database driver: undefined/unknown
	Database version: 17.2
	Autocommit mode: undefined/unknown
	Isolation level: undefined/unknown
	Minimum pool size: undefined/unknown
	Maximum pool size: undefined/unknown
2026-05-23T16:18:42.726+05:00  INFO 20004 --- [MainApplication] [main] o.h.e.t.j.p.i.JtaPlatformInitiator       : HHH000489: No JTA platform available (set 'hibernate.transaction.jta.platform' to enable JTA platform integration)
2026-05-23T16:18:43.355+05:00  INFO 20004 --- [MainApplication] [main] j.LocalContainerEntityManagerFactoryBean : Initialized JPA EntityManagerFactory for persistence unit 'default'
2026-05-23T16:18:44.246+05:00  WARN 20004 --- [MainApplication] [main] JpaBaseConfiguration$JpaWebConfiguration : spring.jpa.open-in-view is enabled by default. Therefore, database queries may be performed during view rendering. Explicitly configure spring.jpa.open-in-view to disable this warning
2026-05-23T16:18:44.305+05:00  WARN 20004 --- [MainApplication] [main] .s.s.UserDetailsServiceAutoConfiguration : 

Using generated security password: 1b0f5d3e-1fdd-4c3b-b45c-fb6071ceef0c

This generated password is for development use only. Your security configuration must be updated before running your application in production.

2026-05-23T16:18:44.319+05:00  INFO 20004 --- [MainApplication] [main] r$InitializeUserDetailsManagerConfigurer : Global AuthenticationManager configured with UserDetailsService bean with name inMemoryUserDetailsManager
2026-05-23T16:18:44.858+05:00 DEBUG 20004 --- [MainApplication] [main] o.s.s.web.DefaultSecurityFilterChain     : Will secure any request with filters: DisableEncodeUrlFilter, WebAsyncManagerIntegrationFilter, SecurityContextHolderFilter, HeaderWriterFilter, LogoutFilter, JwtFilter, RequestCacheAwareFilter, SecurityContextHolderAwareRequestFilter, AnonymousAuthenticationFilter, ExceptionTranslationFilter, AuthorizationFilter
2026-05-23T16:18:45.676+05:00  INFO 20004 --- [MainApplication] [main] o.s.b.w.embedded.tomcat.TomcatWebServer  : Tomcat started on port 8081 (http) with context path '/'
2026-05-23T16:18:45.689+05:00  INFO 20004 --- [MainApplication] [main] com.example.Library.LibraryManagement    : Started LibraryManagement in 11.463 seconds (process running for 12.226)
2026-05-23T16:18:59.396+05:00  INFO 20004 --- [MainApplication] [tomcat-handler-0] o.a.c.c.C.[Tomcat].[localhost].[/]       : Initializing Spring DispatcherServlet 'dispatcherServlet'
2026-05-23T16:18:59.397+05:00  INFO 20004 --- [MainApplication] [tomcat-handler-0] o.s.web.servlet.DispatcherServlet        : Initializing Servlet 'dispatcherServlet'
2026-05-23T16:18:59.400+05:00  INFO 20004 --- [MainApplication] [tomcat-handler-0] o.s.web.servlet.DispatcherServlet        : Completed initialization in 2 ms
2026-05-23T16:18:59.471+05:00 DEBUG 20004 --- [MainApplication] [tomcat-handler-0] o.s.security.web.FilterChainProxy        : Securing POST /api/auth/login
2026-05-23T16:18:59.504+05:00 DEBUG 20004 --- [MainApplication] [tomcat-handler-0] o.s.security.web.FilterChainProxy        : Secured POST /api/auth/login
2026-05-23T16:19:01.280+05:00 DEBUG 20004 --- [MainApplication] [tomcat-handler-0] o.s.s.w.a.AnonymousAuthenticationFilter  : Set SecurityContextHolder to anonymous SecurityContext
2026-05-23T16:20:04.515+05:00 DEBUG 20004 --- [MainApplication] [tomcat-handler-2] o.s.security.web.FilterChainProxy        : Securing GET /api/books
2026-05-23T16:20:04.695+05:00 DEBUG 20004 --- [MainApplication] [tomcat-handler-2] o.s.security.web.FilterChainProxy        : Secured GET /api/books
2026-05-23T16:20:06.904+05:00 DEBUG 20004 --- [MainApplication] [tomcat-handler-3] o.s.security.web.FilterChainProxy        : Securing GET /api/books
2026-05-23T16:20:06.906+05:00 DEBUG 20004 --- [MainApplication] [tomcat-handler-3] o.s.security.web.FilterChainProxy        : Secured GET /api/books
2026-05-23T16:20:47.367+05:00 DEBUG 20004 --- [MainApplication] [tomcat-handler-6] o.s.security.web.FilterChainProxy        : Securing POST /post/api/authors
2026-05-23T16:20:47.369+05:00 ERROR 20004 --- [MainApplication] [tomcat-handler-6] o.a.c.c.C.[.[.[/].[dispatcherServlet]    : Servlet.service() for servlet [dispatcherServlet] in context with path [] threw exception

io.jsonwebtoken.MalformedJwtException: Compact JWT strings may not contain whitespace.
	at io.jsonwebtoken.impl.JwtTokenizer.tokenize(JwtTokenizer.java:67) ~[jjwt-impl-0.12.5.jar:0.12.5]
	at io.jsonwebtoken.impl.DefaultJwtParser.parse(DefaultJwtParser.java:370) ~[jjwt-impl-0.12.5.jar:0.12.5]
	at io.jsonwebtoken.impl.DefaultJwtParser.parse(DefaultJwtParser.java:362) ~[jjwt-impl-0.12.5.jar:0.12.5]
	at io.jsonwebtoken.impl.DefaultJwtParser.parse(DefaultJwtParser.java:94) ~[jjwt-impl-0.12.5.jar:0.12.5]
	at io.jsonwebtoken.impl.io.AbstractParser.parse(AbstractParser.java:36) ~[jjwt-impl-0.12.5.jar:0.12.5]
	at io.jsonwebtoken.impl.io.AbstractParser.parse(AbstractParser.java:29) ~[jjwt-impl-0.12.5.jar:0.12.5]
	at io.jsonwebtoken.impl.DefaultJwtParser.parseSignedClaims(DefaultJwtParser.java:821) ~[jjwt-impl-0.12.5.jar:0.12.5]
	at io.jsonwebtoken.impl.DefaultJwtParser.parseClaimsJws(DefaultJwtParser.java:797) ~[jjwt-impl-0.12.5.jar:0.12.5]
	at com.example.Library.util.KassymDanialJwtUtil.extractAllClaims(KassymDanialJwtUtil.java:33) ~[main/:na]
	at com.example.Library.util.KassymDanialJwtUtil.extractUsername(KassymDanialJwtUtil.java:26) ~[main/:na]
	at com.example.Library.security.JwtFilter.doFilterInternal(JwtFilter.java:39) ~[main/:na]
	at org.springframework.web.filter.OncePerRequestFilter.doFilter(OncePerRequestFilter.java:116) ~[spring-web-6.2.15.jar:6.2.15]
	at org.springframework.security.web.FilterChainProxy$VirtualFilterChain.doFilter(FilterChainProxy.java:374) ~[spring-security-web-6.5.7.jar:6.5.7]
	at org.springframework.security.web.authentication.logout.LogoutFilter.doFilter(LogoutFilter.java:107) ~[spring-security-web-6.5.7.jar:6.5.7]
	at org.springframework.security.web.authentication.logout.LogoutFilter.doFilter(LogoutFilter.java:93) ~[spring-security-web-6.5.7.jar:6.5.7]
	at org.springframework.security.web.FilterChainProxy$VirtualFilterChain.doFilter(FilterChainProxy.java:374) ~[spring-security-web-6.5.7.jar:6.5.7]
	at org.springframework.security.web.header.HeaderWriterFilter.doHeadersAfter(HeaderWriterFilter.java:90) ~[spring-security-web-6.5.7.jar:6.5.7]
	at org.springframework.security.web.header.HeaderWriterFilter.doFilterInternal(HeaderWriterFilter.java:75) ~[spring-security-web-6.5.7.jar:6.5.7]
	at org.springframework.web.filter.OncePerRequestFilter.doFilter(OncePerRequestFilter.java:116) ~[spring-web-6.2.15.jar:6.2.15]
	at org.springframework.security.web.FilterChainProxy$VirtualFilterChain.doFilter(FilterChainProxy.java:374) ~[spring-security-web-6.5.7.jar:6.5.7]
	at org.springframework.security.web.context.SecurityContextHolderFilter.doFilter(SecurityContextHolderFilter.java:82) ~[spring-security-web-6.5.7.jar:6.5.7]
	at org.springframework.security.web.context.SecurityContextHolderFilter.doFilter(SecurityContextHolderFilter.java:69) ~[spring-security-web-6.5.7.jar:6.5.7]
	at org.springframework.security.web.FilterChainProxy$VirtualFilterChain.doFilter(FilterChainProxy.java:374) ~[spring-security-web-6.5.7.jar:6.5.7]
	at org.springframework.security.web.context.request.async.WebAsyncManagerIntegrationFilter.doFilterInternal(WebAsyncManagerIntegrationFilter.java:62) ~[spring-security-web-6.5.7.jar:6.5.7]
	at org.springframework.web.filter.OncePerRequestFilter.doFilter(OncePerRequestFilter.java:116) ~[spring-web-6.2.15.jar:6.2.15]
	at org.springframework.security.web.FilterChainProxy$VirtualFilterChain.doFilter(FilterChainProxy.java:374) ~[spring-security-web-6.5.7.jar:6.5.7]
	at org.springframework.security.web.session.DisableEncodeUrlFilter.doFilterInternal(DisableEncodeUrlFilter.java:42) ~[spring-security-web-6.5.7.jar:6.5.7]
	at org.springframework.web.filter.OncePerRequestFilter.doFilter(OncePerRequestFilter.java:116) ~[spring-web-6.2.15.jar:6.2.15]
	at org.springframework.security.web.FilterChainProxy$VirtualFilterChain.doFilter(FilterChainProxy.java:374) ~[spring-security-web-6.5.7.jar:6.5.7]
	at org.springframework.security.web.FilterChainProxy.doFilterInternal(FilterChainProxy.java:233) ~[spring-security-web-6.5.7.jar:6.5.7]
	at org.springframework.security.web.FilterChainProxy.doFilter(FilterChainProxy.java:191) ~[spring-security-web-6.5.7.jar:6.5.7]
	at org.springframework.web.filter.CompositeFilter$VirtualFilterChain.doFilter(CompositeFilter.java:113) ~[spring-web-6.2.15.jar:6.2.15]
	at org.springframework.web.filter.ServletRequestPathFilter.doFilter(ServletRequestPathFilter.java:52) ~[spring-web-6.2.15.jar:6.2.15]
	at org.springframework.web.filter.CompositeFilter$VirtualFilterChain.doFilter(CompositeFilter.java:113) ~[spring-web-6.2.15.jar:6.2.15]
	at org.springframework.web.filter.CompositeFilter.doFilter(CompositeFilter.java:74) ~[spring-web-6.2.15.jar:6.2.15]
	at org.springframework.security.config.annotation.web.configuration.WebSecurityConfiguration$CompositeFilterChainProxy.doFilter(WebSecurityConfiguration.java:319) ~[spring-security-config-6.5.7.jar:6.5.7]
	at org.springframework.web.filter.CompositeFilter$VirtualFilterChain.doFilter(CompositeFilter.java:113) ~[spring-web-6.2.15.jar:6.2.15]
	at org.springframework.web.servlet.handler.HandlerMappingIntrospector.lambda$createCacheFilter$4(HandlerMappingIntrospector.java:267) ~[spring-webmvc-6.2.15.jar:6.2.15]
	at org.springframework.web.filter.CompositeFilter$VirtualFilterChain.doFilter(CompositeFilter.java:113) ~[spring-web-6.2.15.jar:6.2.15]
	at org.springframework.web.filter.CompositeFilter.doFilter(CompositeFilter.java:74) ~[spring-web-6.2.15.jar:6.2.15]
	at org.springframework.security.config.annotation.web.configuration.WebMvcSecurityConfiguration$CompositeFilterChainProxy.doFilter(WebMvcSecurityConfiguration.java:240) ~[spring-security-config-6.5.7.jar:6.5.7]
	at org.springframework.web.filter.DelegatingFilterProxy.invokeDelegate(DelegatingFilterProxy.java:362) ~[spring-web-6.2.15.jar:6.2.15]
	at org.springframework.web.filter.DelegatingFilterProxy.doFilter(DelegatingFilterProxy.java:278) ~[spring-web-6.2.15.jar:6.2.15]
	at org.apache.catalina.core.ApplicationFilterChain.internalDoFilter(ApplicationFilterChain.java:162) ~[tomcat-embed-core-10.1.50.jar:10.1.50]
	at org.apache.catalina.core.ApplicationFilterChain.doFilter(ApplicationFilterChain.java:138) ~[tomcat-embed-core-10.1.50.jar:10.1.50]
	at org.springframework.web.filter.RequestContextFilter.doFilterInternal(RequestContextFilter.java:100) ~[spring-web-6.2.15.jar:6.2.15]
	at org.springframework.web.filter.OncePerRequestFilter.doFilter(OncePerRequestFilter.java:116) ~[spring-web-6.2.15.jar:6.2.15]
	at org.apache.catalina.core.ApplicationFilterChain.internalDoFilter(ApplicationFilterChain.java:162) ~[tomcat-embed-core-10.1.50.jar:10.1.50]
	at org.apache.catalina.core.ApplicationFilterChain.doFilter(ApplicationFilterChain.java:138) ~[tomcat-embed-core-10.1.50.jar:10.1.50]
	at org.springframework.web.filter.FormContentFilter.doFilterInternal(FormContentFilter.java:93) ~[spring-web-6.2.15.jar:6.2.15]
	at org.springframework.web.filter.OncePerRequestFilter.doFilter(OncePerRequestFilter.java:116) ~[spring-web-6.2.15.jar:6.2.15]
	at org.apache.catalina.core.ApplicationFilterChain.internalDoFilter(ApplicationFilterChain.java:162) ~[tomcat-embed-core-10.1.50.jar:10.1.50]
	at org.apache.catalina.core.ApplicationFilterChain.doFilter(ApplicationFilterChain.java:138) ~[tomcat-embed-core-10.1.50.jar:10.1.50]
	at org.springframework.web.filter.CharacterEncodingFilter.doFilterInternal(CharacterEncodingFilter.java:201) ~[spring-web-6.2.15.jar:6.2.15]
	at org.springframework.web.filter.OncePerRequestFilter.doFilter(OncePerRequestFilter.java:116) ~[spring-web-6.2.15.jar:6.2.15]
	at org.apache.catalina.core.ApplicationFilterChain.internalDoFilter(ApplicationFilterChain.java:162) ~[tomcat-embed-core-10.1.50.jar:10.1.50]
	at org.apache.catalina.core.ApplicationFilterChain.doFilter(ApplicationFilterChain.java:138) ~[tomcat-embed-core-10.1.50.jar:10.1.50]
	at org.apache.catalina.core.StandardWrapperValve.invoke(StandardWrapperValve.java:165) ~[tomcat-embed-core-10.1.50.jar:10.1.50]
	at org.apache.catalina.core.StandardContextValve.invoke(StandardContextValve.java:88) ~[tomcat-embed-core-10.1.50.jar:10.1.50]
	at org.apache.catalina.authenticator.AuthenticatorBase.invoke(AuthenticatorBase.java:482) ~[tomcat-embed-core-10.1.50.jar:10.1.50]
	at org.apache.catalina.core.StandardHostValve.invoke(StandardHostValve.java:113) ~[tomcat-embed-core-10.1.50.jar:10.1.50]
	at org.apache.catalina.valves.ErrorReportValve.invoke(ErrorReportValve.java:83) ~[tomcat-embed-core-10.1.50.jar:10.1.50]
	at org.apache.catalina.core.StandardEngineValve.invoke(StandardEngineValve.java:72) ~[tomcat-embed-core-10.1.50.jar:10.1.50]
	at org.apache.catalina.connector.CoyoteAdapter.service(CoyoteAdapter.java:342) ~[tomcat-embed-core-10.1.50.jar:10.1.50]
	at org.apache.coyote.http11.Http11Processor.service(Http11Processor.java:399) ~[tomcat-embed-core-10.1.50.jar:10.1.50]
	at org.apache.coyote.AbstractProcessorLight.process(AbstractProcessorLight.java:63) ~[tomcat-embed-core-10.1.50.jar:10.1.50]
	at org.apache.coyote.AbstractProtocol$ConnectionHandler.process(AbstractProtocol.java:903) ~[tomcat-embed-core-10.1.50.jar:10.1.50]
	at org.apache.tomcat.util.net.NioEndpoint$SocketProcessor.doRun(NioEndpoint.java:1774) ~[tomcat-embed-core-10.1.50.jar:10.1.50]
	at org.apache.tomcat.util.net.SocketProcessorBase.run(SocketProcessorBase.java:52) ~[tomcat-embed-core-10.1.50.jar:10.1.50]
	at java.base/java.lang.VirtualThread.run(VirtualThread.java:329) ~[na:na]

2026-05-23T16:20:47.438+05:00 DEBUG 20004 --- [MainApplication] [tomcat-handler-6] o.s.security.web.FilterChainProxy        : Securing POST /error
2026-05-23T16:20:47.439+05:00 DEBUG 20004 --- [MainApplication] [tomcat-handler-6] o.s.s.w.a.AnonymousAuthenticationFilter  : Set SecurityContextHolder to anonymous SecurityContext
2026-05-23T16:20:47.506+05:00 DEBUG 20004 --- [MainApplication] [tomcat-handler-6] o.s.s.w.s.HttpSessionRequestCache        : Saved request http://localhost:8081/error?continue to session
2026-05-23T16:20:47.506+05:00 DEBUG 20004 --- [MainApplication] [tomcat-handler-6] o.s.s.w.a.Http403ForbiddenEntryPoint     : Pre-authenticated entry point called. Rejecting access
2026-05-23T16:21:16.696+05:00 DEBUG 20004 --- [MainApplication] [tomcat-handler-7] o.s.security.web.FilterChainProxy        : Securing POST /post/api/authors
2026-05-23T16:21:16.703+05:00 ERROR 20004 --- [MainApplication] [tomcat-handler-7] o.a.c.c.C.[.[.[/].[dispatcherServlet]    : Servlet.service() for servlet [dispatcherServlet] in context with path [] threw exception

io.jsonwebtoken.MalformedJwtException: Compact JWT strings may not contain whitespace.
	at io.jsonwebtoken.impl.JwtTokenizer.tokenize(JwtTokenizer.java:67) ~[jjwt-impl-0.12.5.jar:0.12.5]
	at io.jsonwebtoken.impl.DefaultJwtParser.parse(DefaultJwtParser.java:370) ~[jjwt-impl-0.12.5.jar:0.12.5]
	at io.jsonwebtoken.impl.DefaultJwtParser.parse(DefaultJwtParser.java:362) ~[jjwt-impl-0.12.5.jar:0.12.5]
	at io.jsonwebtoken.impl.DefaultJwtParser.parse(DefaultJwtParser.java:94) ~[jjwt-impl-0.12.5.jar:0.12.5]
	at io.jsonwebtoken.impl.io.AbstractParser.parse(AbstractParser.java:36) ~[jjwt-impl-0.12.5.jar:0.12.5]
	at io.jsonwebtoken.impl.io.AbstractParser.parse(AbstractParser.java:29) ~[jjwt-impl-0.12.5.jar:0.12.5]
	at io.jsonwebtoken.impl.DefaultJwtParser.parseSignedClaims(DefaultJwtParser.java:821) ~[jjwt-impl-0.12.5.jar:0.12.5]
	at io.jsonwebtoken.impl.DefaultJwtParser.parseClaimsJws(DefaultJwtParser.java:797) ~[jjwt-impl-0.12.5.jar:0.12.5]
	at com.example.Library.util.KassymDanialJwtUtil.extractAllClaims(KassymDanialJwtUtil.java:33) ~[main/:na]
	at com.example.Library.util.KassymDanialJwtUtil.extractUsername(KassymDanialJwtUtil.java:26) ~[main/:na]
	at com.example.Library.security.JwtFilter.doFilterInternal(JwtFilter.java:39) ~[main/:na]
	at org.springframework.web.filter.OncePerRequestFilter.doFilter(OncePerRequestFilter.java:116) ~[spring-web-6.2.15.jar:6.2.15]
	at org.springframework.security.web.FilterChainProxy$VirtualFilterChain.doFilter(FilterChainProxy.java:374) ~[spring-security-web-6.5.7.jar:6.5.7]
	at org.springframework.security.web.authentication.logout.LogoutFilter.doFilter(LogoutFilter.java:107) ~[spring-security-web-6.5.7.jar:6.5.7]
	at org.springframework.security.web.authentication.logout.LogoutFilter.doFilter(LogoutFilter.java:93) ~[spring-security-web-6.5.7.jar:6.5.7]
	at org.springframework.security.web.FilterChainProxy$VirtualFilterChain.doFilter(FilterChainProxy.java:374) ~[spring-security-web-6.5.7.jar:6.5.7]
	at org.springframework.security.web.header.HeaderWriterFilter.doHeadersAfter(HeaderWriterFilter.java:90) ~[spring-security-web-6.5.7.jar:6.5.7]
	at org.springframework.security.web.header.HeaderWriterFilter.doFilterInternal(HeaderWriterFilter.java:75) ~[spring-security-web-6.5.7.jar:6.5.7]
	at org.springframework.web.filter.OncePerRequestFilter.doFilter(OncePerRequestFilter.java:116) ~[spring-web-6.2.15.jar:6.2.15]
	at org.springframework.security.web.FilterChainProxy$VirtualFilterChain.doFilter(FilterChainProxy.java:374) ~[spring-security-web-6.5.7.jar:6.5.7]
	at org.springframework.security.web.context.SecurityContextHolderFilter.doFilter(SecurityContextHolderFilter.java:82) ~[spring-security-web-6.5.7.jar:6.5.7]
	at org.springframework.security.web.context.SecurityContextHolderFilter.doFilter(SecurityContextHolderFilter.java:69) ~[spring-security-web-6.5.7.jar:6.5.7]
	at org.springframework.security.web.FilterChainProxy$VirtualFilterChain.doFilter(FilterChainProxy.java:374) ~[spring-security-web-6.5.7.jar:6.5.7]
	at org.springframework.security.web.context.request.async.WebAsyncManagerIntegrationFilter.doFilterInternal(WebAsyncManagerIntegrationFilter.java:62) ~[spring-security-web-6.5.7.jar:6.5.7]
	at org.springframework.web.filter.OncePerRequestFilter.doFilter(OncePerRequestFilter.java:116) ~[spring-web-6.2.15.jar:6.2.15]
	at org.springframework.security.web.FilterChainProxy$VirtualFilterChain.doFilter(FilterChainProxy.java:374) ~[spring-security-web-6.5.7.jar:6.5.7]
	at org.springframework.security.web.session.DisableEncodeUrlFilter.doFilterInternal(DisableEncodeUrlFilter.java:42) ~[spring-security-web-6.5.7.jar:6.5.7]
	at org.springframework.web.filter.OncePerRequestFilter.doFilter(OncePerRequestFilter.java:116) ~[spring-web-6.2.15.jar:6.2.15]
	at org.springframework.security.web.FilterChainProxy$VirtualFilterChain.doFilter(FilterChainProxy.java:374) ~[spring-security-web-6.5.7.jar:6.5.7]
	at org.springframework.security.web.FilterChainProxy.doFilterInternal(FilterChainProxy.java:233) ~[spring-security-web-6.5.7.jar:6.5.7]
	at org.springframework.security.web.FilterChainProxy.doFilter(FilterChainProxy.java:191) ~[spring-security-web-6.5.7.jar:6.5.7]
	at org.springframework.web.filter.CompositeFilter$VirtualFilterChain.doFilter(CompositeFilter.java:113) ~[spring-web-6.2.15.jar:6.2.15]
	at org.springframework.web.filter.ServletRequestPathFilter.doFilter(ServletRequestPathFilter.java:52) ~[spring-web-6.2.15.jar:6.2.15]
	at org.springframework.web.filter.CompositeFilter$VirtualFilterChain.doFilter(CompositeFilter.java:113) ~[spring-web-6.2.15.jar:6.2.15]
	at org.springframework.web.filter.CompositeFilter.doFilter(CompositeFilter.java:74) ~[spring-web-6.2.15.jar:6.2.15]
	at org.springframework.security.config.annotation.web.configuration.WebSecurityConfiguration$CompositeFilterChainProxy.doFilter(WebSecurityConfiguration.java:319) ~[spring-security-config-6.5.7.jar:6.5.7]
	at org.springframework.web.filter.CompositeFilter$VirtualFilterChain.doFilter(CompositeFilter.java:113) ~[spring-web-6.2.15.jar:6.2.15]
	at org.springframework.web.servlet.handler.HandlerMappingIntrospector.lambda$createCacheFilter$4(HandlerMappingIntrospector.java:267) ~[spring-webmvc-6.2.15.jar:6.2.15]
	at org.springframework.web.filter.CompositeFilter$VirtualFilterChain.doFilter(CompositeFilter.java:113) ~[spring-web-6.2.15.jar:6.2.15]
	at org.springframework.web.filter.CompositeFilter.doFilter(CompositeFilter.java:74) ~[spring-web-6.2.15.jar:6.2.15]
	at org.springframework.security.config.annotation.web.configuration.WebMvcSecurityConfiguration$CompositeFilterChainProxy.doFilter(WebMvcSecurityConfiguration.java:240) ~[spring-security-config-6.5.7.jar:6.5.7]
	at org.springframework.web.filter.DelegatingFilterProxy.invokeDelegate(DelegatingFilterProxy.java:362) ~[spring-web-6.2.15.jar:6.2.15]
	at org.springframework.web.filter.DelegatingFilterProxy.doFilter(DelegatingFilterProxy.java:278) ~[spring-web-6.2.15.jar:6.2.15]
	at org.apache.catalina.core.ApplicationFilterChain.internalDoFilter(ApplicationFilterChain.java:162) ~[tomcat-embed-core-10.1.50.jar:10.1.50]
	at org.apache.catalina.core.ApplicationFilterChain.doFilter(ApplicationFilterChain.java:138) ~[tomcat-embed-core-10.1.50.jar:10.1.50]
	at org.springframework.web.filter.RequestContextFilter.doFilterInternal(RequestContextFilter.java:100) ~[spring-web-6.2.15.jar:6.2.15]
	at org.springframework.web.filter.OncePerRequestFilter.doFilter(OncePerRequestFilter.java:116) ~[spring-web-6.2.15.jar:6.2.15]
	at org.apache.catalina.core.ApplicationFilterChain.internalDoFilter(ApplicationFilterChain.java:162) ~[tomcat-embed-core-10.1.50.jar:10.1.50]
	at org.apache.catalina.core.ApplicationFilterChain.doFilter(ApplicationFilterChain.java:138) ~[tomcat-embed-core-10.1.50.jar:10.1.50]
	at org.springframework.web.filter.FormContentFilter.doFilterInternal(FormContentFilter.java:93) ~[spring-web-6.2.15.jar:6.2.15]
	at org.springframework.web.filter.OncePerRequestFilter.doFilter(OncePerRequestFilter.java:116) ~[spring-web-6.2.15.jar:6.2.15]
	at org.apache.catalina.core.ApplicationFilterChain.internalDoFilter(ApplicationFilterChain.java:162) ~[tomcat-embed-core-10.1.50.jar:10.1.50]
	at org.apache.catalina.core.ApplicationFilterChain.doFilter(ApplicationFilterChain.java:138) ~[tomcat-embed-core-10.1.50.jar:10.1.50]
	at org.springframework.web.filter.CharacterEncodingFilter.doFilterInternal(CharacterEncodingFilter.java:201) ~[spring-web-6.2.15.jar:6.2.15]
	at org.springframework.web.filter.OncePerRequestFilter.doFilter(OncePerRequestFilter.java:116) ~[spring-web-6.2.15.jar:6.2.15]
	at org.apache.catalina.core.ApplicationFilterChain.internalDoFilter(ApplicationFilterChain.java:162) ~[tomcat-embed-core-10.1.50.jar:10.1.50]
	at org.apache.catalina.core.ApplicationFilterChain.doFilter(ApplicationFilterChain.java:138) ~[tomcat-embed-core-10.1.50.jar:10.1.50]
	at org.apache.catalina.core.StandardWrapperValve.invoke(StandardWrapperValve.java:165) ~[tomcat-embed-core-10.1.50.jar:10.1.50]
	at org.apache.catalina.core.StandardContextValve.invoke(StandardContextValve.java:88) ~[tomcat-embed-core-10.1.50.jar:10.1.50]
	at org.apache.catalina.authenticator.AuthenticatorBase.invoke(AuthenticatorBase.java:482) ~[tomcat-embed-core-10.1.50.jar:10.1.50]
	at org.apache.catalina.core.StandardHostValve.invoke(StandardHostValve.java:113) ~[tomcat-embed-core-10.1.50.jar:10.1.50]
	at org.apache.catalina.valves.ErrorReportValve.invoke(ErrorReportValve.java:83) ~[tomcat-embed-core-10.1.50.jar:10.1.50]
	at org.apache.catalina.core.StandardEngineValve.invoke(StandardEngineValve.java:72) ~[tomcat-embed-core-10.1.50.jar:10.1.50]
	at org.apache.catalina.connector.CoyoteAdapter.service(CoyoteAdapter.java:342) ~[tomcat-embed-core-10.1.50.jar:10.1.50]
	at org.apache.coyote.http11.Http11Processor.service(Http11Processor.java:399) ~[tomcat-embed-core-10.1.50.jar:10.1.50]
	at org.apache.coyote.AbstractProcessorLight.process(AbstractProcessorLight.java:63) ~[tomcat-embed-core-10.1.50.jar:10.1.50]
	at org.apache.coyote.AbstractProtocol$ConnectionHandler.process(AbstractProtocol.java:903) ~[tomcat-embed-core-10.1.50.jar:10.1.50]
	at org.apache.tomcat.util.net.NioEndpoint$SocketProcessor.doRun(NioEndpoint.java:1774) ~[tomcat-embed-core-10.1.50.jar:10.1.50]
	at org.apache.tomcat.util.net.SocketProcessorBase.run(SocketProcessorBase.java:52) ~[tomcat-embed-core-10.1.50.jar:10.1.50]
	at java.base/java.lang.VirtualThread.run(VirtualThread.java:329) ~[na:na]

2026-05-23T16:21:16.713+05:00 DEBUG 20004 --- [MainApplication] [tomcat-handler-7] o.s.security.web.FilterChainProxy        : Securing POST /error
2026-05-23T16:21:16.717+05:00 DEBUG 20004 --- [MainApplication] [tomcat-handler-7] o.s.s.w.a.AnonymousAuthenticationFilter  : Set SecurityContextHolder to anonymous SecurityContext
2026-05-23T16:21:16.724+05:00 DEBUG 20004 --- [MainApplication] [tomcat-handler-7] o.s.s.w.s.HttpSessionRequestCache        : Saved request http://localhost:8081/error?continue to session
2026-05-23T16:21:16.725+05:00 DEBUG 20004 --- [MainApplication] [tomcat-handler-7] o.s.s.w.a.Http403ForbiddenEntryPoint     : Pre-authenticated entry point called. Rejecting access
2026-05-23T16:21:29.801+05:00 DEBUG 20004 --- [MainApplication] [tomcat-handler-8] o.s.security.web.FilterChainProxy        : Securing POST /post/api/authors
2026-05-23T16:21:29.802+05:00 DEBUG 20004 --- [MainApplication] [tomcat-handler-8] o.s.s.w.a.AnonymousAuthenticationFilter  : Set SecurityContextHolder to anonymous SecurityContext
2026-05-23T16:21:29.804+05:00 DEBUG 20004 --- [MainApplication] [tomcat-handler-8] o.s.s.w.s.HttpSessionRequestCache        : Saved request http://localhost:8081/post/api/authors?continue to session
2026-05-23T16:21:29.804+05:00 DEBUG 20004 --- [MainApplication] [tomcat-handler-8] o.s.s.w.a.Http403ForbiddenEntryPoint     : Pre-authenticated entry point called. Rejecting access
2026-05-23T16:21:29.806+05:00 DEBUG 20004 --- [MainApplication] [tomcat-handler-8] o.s.security.web.FilterChainProxy        : Securing POST /error
2026-05-23T16:21:29.807+05:00 DEBUG 20004 --- [MainApplication] [tomcat-handler-8] o.s.s.w.a.AnonymousAuthenticationFilter  : Set SecurityContextHolder to anonymous SecurityContext
2026-05-23T16:21:29.809+05:00 DEBUG 20004 --- [MainApplication] [tomcat-handler-8] o.s.s.w.s.HttpSessionRequestCache        : Saved request http://localhost:8081/error?continue to session
2026-05-23T16:21:29.809+05:00 DEBUG 20004 --- [MainApplication] [tomcat-handler-8] o.s.s.w.a.Http403ForbiddenEntryPoint     : Pre-authenticated entry point called. Rejecting access
